{"/home/rebiz/opt/lumi/packages/contracts/src/bus.ts": {"path":"/home/rebiz/opt/lumi/packages/contracts/src/bus.ts","statementMap":{},"fnMap":{},"branchMap":{},"s":{},"f":{},"b":{},"meta":{"lastBranch":0,"lastFunction":0,"lastStatement":0,"seen":{},"fnNames":{}}}
,"/home/rebiz/opt/lumi/packages/contracts/src/config.ts": {"path":"/home/rebiz/opt/lumi/packages/contracts/src/config.ts","statementMap":{"0":{"start":{"line":6,"column":7},"end":{"line":14,"column":null}},"1":{"start":{"line":7,"column":2},"end":{"line":7,"column":null}},"2":{"start":{"line":8,"column":2},"end":{"line":8,"column":null}},"3":{"start":{"line":9,"column":2},"end":{"line":9,"column":null}},"4":{"start":{"line":10,"column":2},"end":{"line":10,"column":null}},"5":{"start":{"line":11,"column":2},"end":{"line":11,"column":null}},"6":{"start":{"line":12,"column":2},"end":{"line":12,"column":null}},"7":{"start":{"line":13,"column":2},"end":{"line":13,"column":null}}},"fnMap":{"0":{"name":"(anonymous_0)","decl":{"start":{"line":6,"column":7},"end":{"line":6,"column":12}},"loc":{"start":{"line":6,"column":7},"end":{"line":14,"column":null}},"line":6}},"branchMap":{},"s":{"0":2,"1":2,"2":2,"3":2,"4":2,"5":2,"6":2,"7":2},"f":{"0":2},"b":{},"meta":{"lastBranch":0,"lastFunction":1,"lastStatement":8,"seen":{"s:6:7:14:Infinity":0,"f:6:7:6:12":0,"s:7:2:7:Infinity":1,"s:8:2:8:Infinity":2,"s:9:2:9:Infinity":3,"s:10:2:10:Infinity":4,"s:11:2:11:Infinity":5,"s:12:2:12:Infinity":6,"s:13:2:13:Infinity":7},"fnNames":{}}}
,"/home/rebiz/opt/lumi/packages/contracts/src/gateway-packet.ts": {"path":"/home/rebiz/opt/lumi/packages/contracts/src/gateway-packet.ts","statementMap":{"0":{"start":{"line":34,"column":13},"end":{"line":35,"column":null}},"1":{"start":{"line":35,"column":2},"end":{"line":35,"column":null}},"2":{"start":{"line":38,"column":42},"end":{"line":38,"column":null}}},"fnMap":{"0":{"name":"(anonymous_0)","decl":{"start":{"line":34,"column":13},"end":{"line":34,"column":33}},"loc":{"start":{"line":35,"column":2},"end":{"line":35,"column":null}},"line":35}},"branchMap":{},"s":{"0":2,"1":0,"2":2},"f":{"0":0},"b":{},"meta":{"lastBranch":0,"lastFunction":1,"lastStatement":3,"seen":{"s:34:13:35:Infinity":0,"f:34:13:34:33":0,"s:35:2:35:Infinity":1,"s:38:42:38:Infinity":2},"fnNames":{}}}
,"/home/rebiz/opt/lumi/packages/contracts/src/index.ts": {"path":"/home/rebiz/opt/lumi/packages/contracts/src/index.ts","statementMap":{},"fnMap":{},"branchMap":{},"s":{},"f":{},"b":{},"meta":{"lastBranch":0,"lastFunction":0,"lastStatement":0,"seen":{},"fnNames":{}}}
,"/home/rebiz/opt/lumi/packages/contracts/src/manifest.ts": {"path":"/home/rebiz/opt/lumi/packages/contracts/src/manifest.ts","statementMap":{"0":{"start":{"line":11,"column":31},"end":{"line":19,"column":null}}},"fnMap":{},"branchMap":{},"s":{"0":2},"f":{},"b":{},"meta":{"lastBranch":0,"lastFunction":0,"lastStatement":1,"seen":{"s:11:31:19:Infinity":0},"fnNames":{}}}
,"/home/rebiz/opt/lumi/packages/contracts/src/rpc.ts": {"path":"/home/rebiz/opt/lumi/packages/contracts/src/rpc.ts","statementMap":{"0":{"start":{"line":84,"column":27},"end":{"line":94,"column":null}}},"fnMap":{},"branchMap":{},"s":{"0":2},"f":{},"b":{},"meta":{"lastBranch":0,"lastFunction":0,"lastStatement":1,"seen":{"s:84:27:94:Infinity":0},"fnNames":{}}}
,"/home/rebiz/opt/lumi/packages/core/src/lib/command-context.ts": {"path":"/home/rebiz/opt/lumi/packages/core/src/lib/command-context.ts","statementMap":{"0":{"start":{"line":41,"column":2},"end":{"line":44,"column":null}},"1":{"start":{"line":55,"column":37},"end":{"line":55,"column":null}},"2":{"start":{"line":58,"column":20},"end":{"line":58,"column":null}},"3":{"start":{"line":59,"column":21},"end":{"line":59,"column":null}},"4":{"start":{"line":63,"column":4},"end":{"line":63,"column":null}},"5":{"start":{"line":68,"column":4},"end":{"line":69,"column":null}},"6":{"start":{"line":69,"column":6},"end":{"line":69,"column":null}},"7":{"start":{"line":70,"column":4},"end":{"line":70,"column":null}},"8":{"start":{"line":75,"column":4},"end":{"line":75,"column":null}},"9":{"start":{"line":75,"column":28},"end":{"line":75,"column":null}},"10":{"start":{"line":76,"column":4},"end":{"line":76,"column":null}},"11":{"start":{"line":80,"column":4},"end":{"line":85,"column":null}},"12":{"start":{"line":81,"column":6},"end":{"line":83,"column":null}},"13":{"start":{"line":86,"column":4},"end":{"line":87,"column":null}},"14":{"start":{"line":92,"column":23},"end":{"line":92,"column":null}},"15":{"start":{"line":93,"column":4},"end":{"line":95,"column":null}},"16":{"start":{"line":99,"column":4},"end":{"line":99,"column":null}},"17":{"start":{"line":103,"column":4},"end":{"line":103,"column":null}},"18":{"start":{"line":107,"column":4},"end":{"line":107,"column":null}},"19":{"start":{"line":114,"column":4},"end":{"line":115,"column":null}},"20":{"start":{"line":115,"column":6},"end":{"line":115,"column":null}},"21":{"start":{"line":116,"column":18},"end":{"line":118,"column":null}},"22":{"start":{"line":117,"column":52},"end":{"line":117,"column":56}},"23":{"start":{"line":118,"column":52},"end":{"line":118,"column":56}},"24":{"start":{"line":119,"column":4},"end":{"line":119,"column":null}},"25":{"start":{"line":119,"column":41},"end":{"line":119,"column":null}},"26":{"start":{"line":120,"column":4},"end":{"line":120,"column":null}},"27":{"start":{"line":127,"column":4},"end":{"line":128,"column":null}},"28":{"start":{"line":128,"column":6},"end":{"line":128,"column":null}},"29":{"start":{"line":129,"column":18},"end":{"line":129,"column":null}},"30":{"start":{"line":129,"column":63},"end":{"line":129,"column":67}},"31":{"start":{"line":130,"column":4},"end":{"line":130,"column":null}},"32":{"start":{"line":130,"column":41},"end":{"line":130,"column":null}},"33":{"start":{"line":131,"column":4},"end":{"line":131,"column":null}},"34":{"start":{"line":138,"column":4},"end":{"line":139,"column":null}},"35":{"start":{"line":139,"column":6},"end":{"line":139,"column":null}},"36":{"start":{"line":140,"column":18},"end":{"line":140,"column":null}},"37":{"start":{"line":140,"column":62},"end":{"line":140,"column":66}},"38":{"start":{"line":141,"column":4},"end":{"line":141,"column":null}},"39":{"start":{"line":141,"column":41},"end":{"line":141,"column":null}},"40":{"start":{"line":142,"column":4},"end":{"line":142,"column":null}},"41":{"start":{"line":149,"column":4},"end":{"line":150,"column":null}},"42":{"start":{"line":150,"column":6},"end":{"line":150,"column":null}},"43":{"start":{"line":151,"column":18},"end":{"line":151,"column":null}},"44":{"start":{"line":151,"column":63},"end":{"line":151,"column":67}},"45":{"start":{"line":152,"column":4},"end":{"line":152,"column":null}},"46":{"start":{"line":152,"column":41},"end":{"line":152,"column":null}},"47":{"start":{"line":153,"column":4},"end":{"line":153,"column":null}},"48":{"start":{"line":160,"column":4},"end":{"line":161,"column":null}},"49":{"start":{"line":161,"column":6},"end":{"line":161,"column":null}},"50":{"start":{"line":162,"column":18},"end":{"line":162,"column":null}},"51":{"start":{"line":162,"column":60},"end":{"line":162,"column":64}},"52":{"start":{"line":163,"column":4},"end":{"line":163,"column":null}},"53":{"start":{"line":163,"column":41},"end":{"line":163,"column":null}},"54":{"start":{"line":164,"column":4},"end":{"line":164,"column":null}},"55":{"start":{"line":171,"column":4},"end":{"line":175,"column":null}},"56":{"start":{"line":172,"column":21},"end":{"line":172,"column":null}},"57":{"start":{"line":173,"column":6},"end":{"line":173,"column":null}},"58":{"start":{"line":173,"column":36},"end":{"line":173,"column":null}},"59":{"start":{"line":174,"column":6},"end":{"line":174,"column":null}},"60":{"start":{"line":176,"column":18},"end":{"line":176,"column":null}},"61":{"start":{"line":176,"column":62},"end":{"line":176,"column":66}},"62":{"start":{"line":177,"column":4},"end":{"line":177,"column":null}},"63":{"start":{"line":177,"column":41},"end":{"line":177,"column":null}},"64":{"start":{"line":178,"column":4},"end":{"line":178,"column":null}},"65":{"start":{"line":185,"column":4},"end":{"line":189,"column":null}},"66":{"start":{"line":186,"column":6},"end":{"line":189,"column":null}},"67":{"start":{"line":190,"column":18},"end":{"line":190,"column":null}},"68":{"start":{"line":190,"column":60},"end":{"line":190,"column":64}},"69":{"start":{"line":191,"column":4},"end":{"line":191,"column":null}},"70":{"start":{"line":191,"column":41},"end":{"line":191,"column":null}},"71":{"start":{"line":192,"column":4},"end":{"line":192,"column":null}},"72":{"start":{"line":199,"column":4},"end":{"line":203,"column":null}},"73":{"start":{"line":200,"column":6},"end":{"line":203,"column":null}},"74":{"start":{"line":204,"column":18},"end":{"line":204,"column":null}},"75":{"start":{"line":204,"column":68},"end":{"line":204,"column":72}},"76":{"start":{"line":205,"column":4},"end":{"line":205,"column":null}},"77":{"start":{"line":205,"column":41},"end":{"line":205,"column":null}},"78":{"start":{"line":206,"column":4},"end":{"line":206,"column":null}},"79":{"start":{"line":210,"column":4},"end":{"line":210,"column":null}},"80":{"start":{"line":210,"column":23},"end":{"line":210,"column":null}},"81":{"start":{"line":211,"column":28},"end":{"line":211,"column":null}},"82":{"start":{"line":212,"column":4},"end":{"line":212,"column":null}},"83":{"start":{"line":212,"column":53},"end":{"line":212,"column":null}},"84":{"start":{"line":213,"column":4},"end":{"line":215,"column":null}},"85":{"start":{"line":227,"column":4},"end":{"line":231,"column":null}},"86":{"start":{"line":228,"column":22},"end":{"line":228,"column":null}},"87":{"start":{"line":229,"column":6},"end":{"line":229,"column":null}},"88":{"start":{"line":230,"column":6},"end":{"line":230,"column":null}},"89":{"start":{"line":232,"column":20},"end":{"line":232,"column":null}},"90":{"start":{"line":233,"column":4},"end":{"line":236,"column":null}},"91":{"start":{"line":234,"column":6},"end":{"line":234,"column":null}},"92":{"start":{"line":235,"column":6},"end":{"line":235,"column":null}},"93":{"start":{"line":237,"column":4},"end":{"line":237,"column":null}},"94":{"start":{"line":245,"column":4},"end":{"line":245,"column":null}},"95":{"start":{"line":253,"column":4},"end":{"line":253,"column":null}},"96":{"start":{"line":261,"column":4},"end":{"line":261,"column":null}},"97":{"start":{"line":269,"column":4},"end":{"line":269,"column":null}},"98":{"start":{"line":274,"column":4},"end":{"line":274,"column":null}},"99":{"start":{"line":279,"column":19},"end":{"line":279,"column":null}},"100":{"start":{"line":280,"column":4},"end":{"line":285,"column":null}},"101":{"start":{"line":281,"column":6},"end":{"line":284,"column":null}},"102":{"start":{"line":291,"column":4},"end":{"line":291,"column":null}},"103":{"start":{"line":295,"column":4},"end":{"line":295,"column":null}}},"fnMap":{"0":{"name":"missingArgument","decl":{"start":{"line":40,"column":9},"end":{"line":40,"column":25}},"loc":{"start":{"line":40,"column":50},"end":{"line":45,"column":null}},"line":40},"1":{"name":"constructor","decl":{"start":{"line":57,"column":2},"end":{"line":57,"column":10}},"loc":{"start":{"line":60,"column":4},"end":{"line":60,"column":null}},"line":60},"2":{"name":"isSlash","decl":{"start":{"line":62,"column":13},"end":{"line":62,"column":32}},"loc":{"start":{"line":62,"column":32},"end":{"line":64,"column":null}},"line":62},"3":{"name":"interaction","decl":{"start":{"line":67,"column":13},"end":{"line":67,"column":56}},"loc":{"start":{"line":67,"column":56},"end":{"line":71,"column":null}},"line":67},"4":{"name":"message","decl":{"start":{"line":74,"column":13},"end":{"line":74,"column":32}},"loc":{"start":{"line":74,"column":32},"end":{"line":77,"column":null}},"line":74},"5":{"name":"user","decl":{"start":{"line":79,"column":13},"end":{"line":79,"column":26}},"loc":{"start":{"line":79,"column":26},"end":{"line":89,"column":null}},"line":79},"6":{"name":"member","decl":{"start":{"line":91,"column":13},"end":{"line":91,"column":42}},"loc":{"start":{"line":91,"column":42},"end":{"line":96,"column":null}},"line":91},"7":{"name":"guild","decl":{"start":{"line":98,"column":13},"end":{"line":98,"column":35}},"loc":{"start":{"line":98,"column":35},"end":{"line":100,"column":null}},"line":98},"8":{"name":"guildId","decl":{"start":{"line":102,"column":13},"end":{"line":102,"column":38}},"loc":{"start":{"line":102,"column":38},"end":{"line":104,"column":null}},"line":102},"9":{"name":"channelId","decl":{"start":{"line":106,"column":13},"end":{"line":106,"column":33}},"loc":{"start":{"line":106,"column":33},"end":{"line":108,"column":null}},"line":106},"10":{"name":"getString","decl":{"start":{"line":110,"column":15},"end":{"line":110,"column":null}},"loc":{"start":{"line":113,"column":28},"end":{"line":121,"column":null}},"line":113},"11":{"name":"(anonymous_11)","decl":{"start":{"line":117,"column":40},"end":{"line":117,"column":52}},"loc":{"start":{"line":117,"column":52},"end":{"line":117,"column":56}},"line":117},"12":{"name":"(anonymous_12)","decl":{"start":{"line":118,"column":40},"end":{"line":118,"column":52}},"loc":{"start":{"line":118,"column":52},"end":{"line":118,"column":56}},"line":118},"13":{"name":"getInteger","decl":{"start":{"line":123,"column":15},"end":{"line":123,"column":null}},"loc":{"start":{"line":126,"column":28},"end":{"line":132,"column":null}},"line":126},"14":{"name":"(anonymous_14)","decl":{"start":{"line":129,"column":51},"end":{"line":129,"column":63}},"loc":{"start":{"line":129,"column":63},"end":{"line":129,"column":67}},"line":129},"15":{"name":"getNumber","decl":{"start":{"line":134,"column":15},"end":{"line":134,"column":null}},"loc":{"start":{"line":137,"column":28},"end":{"line":143,"column":null}},"line":137},"16":{"name":"(anonymous_16)","decl":{"start":{"line":140,"column":50},"end":{"line":140,"column":62}},"loc":{"start":{"line":140,"column":62},"end":{"line":140,"column":66}},"line":140},"17":{"name":"getBoolean","decl":{"start":{"line":145,"column":15},"end":{"line":145,"column":null}},"loc":{"start":{"line":148,"column":29},"end":{"line":154,"column":null}},"line":148},"18":{"name":"(anonymous_18)","decl":{"start":{"line":151,"column":51},"end":{"line":151,"column":63}},"loc":{"start":{"line":151,"column":63},"end":{"line":151,"column":67}},"line":151},"19":{"name":"getUser","decl":{"start":{"line":156,"column":15},"end":{"line":156,"column":null}},"loc":{"start":{"line":159,"column":26},"end":{"line":165,"column":null}},"line":159},"20":{"name":"(anonymous_20)","decl":{"start":{"line":162,"column":48},"end":{"line":162,"column":60}},"loc":{"start":{"line":162,"column":60},"end":{"line":162,"column":64}},"line":162},"21":{"name":"getMember","decl":{"start":{"line":167,"column":15},"end":{"line":167,"column":null}},"loc":{"start":{"line":170,"column":33},"end":{"line":179,"column":null}},"line":170},"22":{"name":"(anonymous_22)","decl":{"start":{"line":176,"column":50},"end":{"line":176,"column":62}},"loc":{"start":{"line":176,"column":62},"end":{"line":176,"column":66}},"line":176},"23":{"name":"getRole","decl":{"start":{"line":181,"column":15},"end":{"line":181,"column":null}},"loc":{"start":{"line":184,"column":26},"end":{"line":193,"column":null}},"line":184},"24":{"name":"(anonymous_24)","decl":{"start":{"line":190,"column":48},"end":{"line":190,"column":60}},"loc":{"start":{"line":190,"column":60},"end":{"line":190,"column":64}},"line":190},"25":{"name":"getChannel","decl":{"start":{"line":195,"column":15},"end":{"line":195,"column":null}},"loc":{"start":{"line":198,"column":39},"end":{"line":207,"column":null}},"line":198},"26":{"name":"(anonymous_26)","decl":{"start":{"line":204,"column":56},"end":{"line":204,"column":68}},"loc":{"start":{"line":204,"column":68},"end":{"line":204,"column":72}},"line":204},"27":{"name":"defer","decl":{"start":{"line":209,"column":15},"end":{"line":209,"column":21}},"loc":{"start":{"line":209,"column":64},"end":{"line":216,"column":null}},"line":209},"28":{"name":"reply","decl":{"start":{"line":223,"column":15},"end":{"line":223,"column":null}},"loc":{"start":{"line":226,"column":19},"end":{"line":238,"column":null}},"line":226},"29":{"name":"replySuccess","decl":{"start":{"line":240,"column":2},"end":{"line":240,"column":9}},"loc":{"start":{"line":244,"column":19},"end":{"line":246,"column":null}},"line":244},"30":{"name":"replyError","decl":{"start":{"line":248,"column":2},"end":{"line":248,"column":9}},"loc":{"start":{"line":252,"column":19},"end":{"line":254,"column":null}},"line":252},"31":{"name":"replyWarning","decl":{"start":{"line":256,"column":2},"end":{"line":256,"column":9}},"loc":{"start":{"line":260,"column":19},"end":{"line":262,"column":null}},"line":260},"32":{"name":"replyInfo","decl":{"start":{"line":264,"column":2},"end":{"line":264,"column":9}},"loc":{"start":{"line":268,"column":19},"end":{"line":270,"column":null}},"line":268},"33":{"name":"fetchT","decl":{"start":{"line":273,"column":2},"end":{"line":273,"column":9}},"loc":{"start":{"line":273,"column":34},"end":{"line":275,"column":null}},"line":273},"34":{"name":"checkPermission","decl":{"start":{"line":278,"column":15},"end":{"line":278,"column":31}},"loc":{"start":{"line":278,"column":70},"end":{"line":286,"column":null}},"line":278},"35":{"name":"fromInteraction","decl":{"start":{"line":288,"column":16},"end":{"line":288,"column":null}},"loc":{"start":{"line":290,"column":20},"end":{"line":292,"column":null}},"line":290},"36":{"name":"fromMessage","decl":{"start":{"line":294,"column":16},"end":{"line":294,"column":28}},"loc":{"start":{"line":294,"column":74},"end":{"line":296,"column":null}},"line":294}},"branchMap":{"0":{"loc":{"start":{"line":68,"column":4},"end":{"line":69,"column":null}},"type":"if","locations":[{"start":{"line":68,"column":4},"end":{"line":69,"column":null}},{"start":{},"end":{}}],"line":68},"1":{"loc":{"start":{"line":75,"column":4},"end":{"line":75,"column":null}},"type":"if","locations":[{"start":{"line":75,"column":4},"end":{"line":75,"column":null}},{"start":{},"end":{}}],"line":75},"2":{"loc":{"start":{"line":80,"column":4},"end":{"line":85,"column":null}},"type":"if","locations":[{"start":{"line":80,"column":4},"end":{"line":85,"column":null}},{"start":{},"end":{}}],"line":80},"3":{"loc":{"start":{"line":82,"column":9},"end":{"line":83,"column":null}},"type":"binary-expr","locations":[{"start":{"line":82,"column":9},"end":{"line":82,"column":null}},{"start":{"line":83,"column":9},"end":{"line":83,"column":null}}],"line":82},"4":{"loc":{"start":{"line":87,"column":7},"end":{"line":87,"column":null}},"type":"binary-expr","locations":[{"start":{"line":87,"column":7},"end":{"line":87,"column":42}},{"start":{"line":87,"column":42},"end":{"line":87,"column":null}}],"line":87},"5":{"loc":{"start":{"line":93,"column":11},"end":{"line":95,"column":null}},"type":"cond-expr","locations":[{"start":{"line":94,"column":9},"end":{"line":94,"column":null}},{"start":{"line":95,"column":8},"end":{"line":95,"column":null}}],"line":93},"6":{"loc":{"start":{"line":93,"column":11},"end":{"line":93,"column":null}},"type":"binary-expr","locations":[{"start":{"line":93,"column":11},"end":{"line":93,"column":21}},{"start":{"line":93,"column":21},"end":{"line":93,"column":51}},{"start":{"line":93,"column":51},"end":{"line":93,"column":null}}],"line":93},"7":{"loc":{"start":{"line":112,"column":4},"end":{"line":112,"column":null}},"type":"default-arg","locations":[{"start":{"line":112,"column":26},"end":{"line":112,"column":null}}],"line":112},"8":{"loc":{"start":{"line":114,"column":4},"end":{"line":115,"column":null}},"type":"if","locations":[{"start":{"line":114,"column":4},"end":{"line":115,"column":null}},{"start":{},"end":{}}],"line":114},"9":{"loc":{"start":{"line":115,"column":54},"end":{"line":115,"column":76}},"type":"binary-expr","locations":[{"start":{"line":115,"column":54},"end":{"line":115,"column":71}},{"start":{"line":115,"column":71},"end":{"line":115,"column":76}}],"line":115},"10":{"loc":{"start":{"line":116,"column":18},"end":{"line":118,"column":null}},"type":"cond-expr","locations":[{"start":{"line":117,"column":8},"end":{"line":117,"column":null}},{"start":{"line":118,"column":8},"end":{"line":118,"column":null}}],"line":116},"11":{"loc":{"start":{"line":119,"column":4},"end":{"line":119,"column":null}},"type":"if","locations":[{"start":{"line":119,"column":4},"end":{"line":119,"column":null}},{"start":{},"end":{}}],"line":119},"12":{"loc":{"start":{"line":119,"column":8},"end":{"line":119,"column":41}},"type":"binary-expr","locations":[{"start":{"line":119,"column":8},"end":{"line":119,"column":26}},{"start":{"line":119,"column":26},"end":{"line":119,"column":41}}],"line":119},"13":{"loc":{"start":{"line":125,"column":4},"end":{"line":125,"column":null}},"type":"default-arg","locations":[{"start":{"line":125,"column":26},"end":{"line":125,"column":null}}],"line":125},"14":{"loc":{"start":{"line":127,"column":4},"end":{"line":128,"column":null}},"type":"if","locations":[{"start":{"line":127,"column":4},"end":{"line":128,"column":null}},{"start":{},"end":{}}],"line":127},"15":{"loc":{"start":{"line":128,"column":55},"end":{"line":128,"column":77}},"type":"binary-expr","locations":[{"start":{"line":128,"column":55},"end":{"line":128,"column":72}},{"start":{"line":128,"column":72},"end":{"line":128,"column":77}}],"line":128},"16":{"loc":{"start":{"line":130,"column":4},"end":{"line":130,"column":null}},"type":"if","locations":[{"start":{"line":130,"column":4},"end":{"line":130,"column":null}},{"start":{},"end":{}}],"line":130},"17":{"loc":{"start":{"line":130,"column":8},"end":{"line":130,"column":41}},"type":"binary-expr","locations":[{"start":{"line":130,"column":8},"end":{"line":130,"column":26}},{"start":{"line":130,"column":26},"end":{"line":130,"column":41}}],"line":130},"18":{"loc":{"start":{"line":136,"column":4},"end":{"line":136,"column":null}},"type":"default-arg","locations":[{"start":{"line":136,"column":26},"end":{"line":136,"column":null}}],"line":136},"19":{"loc":{"start":{"line":138,"column":4},"end":{"line":139,"column":null}},"type":"if","locations":[{"start":{"line":138,"column":4},"end":{"line":139,"column":null}},{"start":{},"end":{}}],"line":138},"20":{"loc":{"start":{"line":139,"column":54},"end":{"line":139,"column":76}},"type":"binary-expr","locations":[{"start":{"line":139,"column":54},"end":{"line":139,"column":71}},{"start":{"line":139,"column":71},"end":{"line":139,"column":76}}],"line":139},"21":{"loc":{"start":{"line":141,"column":4},"end":{"line":141,"column":null}},"type":"if","locations":[{"start":{"line":141,"column":4},"end":{"line":141,"column":null}},{"start":{},"end":{}}],"line":141},"22":{"loc":{"start":{"line":141,"column":8},"end":{"line":141,"column":41}},"type":"binary-expr","locations":[{"start":{"line":141,"column":8},"end":{"line":141,"column":26}},{"start":{"line":141,"column":26},"end":{"line":141,"column":41}}],"line":141},"23":{"loc":{"start":{"line":147,"column":4},"end":{"line":147,"column":null}},"type":"default-arg","locations":[{"start":{"line":147,"column":26},"end":{"line":147,"column":null}}],"line":147},"24":{"loc":{"start":{"line":149,"column":4},"end":{"line":150,"column":null}},"type":"if","locations":[{"start":{"line":149,"column":4},"end":{"line":150,"column":null}},{"start":{},"end":{}}],"line":149},"25":{"loc":{"start":{"line":150,"column":55},"end":{"line":150,"column":77}},"type":"binary-expr","locations":[{"start":{"line":150,"column":55},"end":{"line":150,"column":72}},{"start":{"line":150,"column":72},"end":{"line":150,"column":77}}],"line":150},"26":{"loc":{"start":{"line":152,"column":4},"end":{"line":152,"column":null}},"type":"if","locations":[{"start":{"line":152,"column":4},"end":{"line":152,"column":null}},{"start":{},"end":{}}],"line":152},"27":{"loc":{"start":{"line":152,"column":8},"end":{"line":152,"column":41}},"type":"binary-expr","locations":[{"start":{"line":152,"column":8},"end":{"line":152,"column":26}},{"start":{"line":152,"column":26},"end":{"line":152,"column":41}}],"line":152},"28":{"loc":{"start":{"line":158,"column":4},"end":{"line":158,"column":null}},"type":"default-arg","locations":[{"start":{"line":158,"column":26},"end":{"line":158,"column":null}}],"line":158},"29":{"loc":{"start":{"line":160,"column":4},"end":{"line":161,"column":null}},"type":"if","locations":[{"start":{"line":160,"column":4},"end":{"line":161,"column":null}},{"start":{},"end":{}}],"line":160},"30":{"loc":{"start":{"line":161,"column":52},"end":{"line":161,"column":74}},"type":"binary-expr","locations":[{"start":{"line":161,"column":52},"end":{"line":161,"column":69}},{"start":{"line":161,"column":69},"end":{"line":161,"column":74}}],"line":161},"31":{"loc":{"start":{"line":163,"column":4},"end":{"line":163,"column":null}},"type":"if","locations":[{"start":{"line":163,"column":4},"end":{"line":163,"column":null}},{"start":{},"end":{}}],"line":163},"32":{"loc":{"start":{"line":163,"column":8},"end":{"line":163,"column":41}},"type":"binary-expr","locations":[{"start":{"line":163,"column":8},"end":{"line":163,"column":26}},{"start":{"line":163,"column":26},"end":{"line":163,"column":41}}],"line":163},"33":{"loc":{"start":{"line":169,"column":4},"end":{"line":169,"column":null}},"type":"default-arg","locations":[{"start":{"line":169,"column":26},"end":{"line":169,"column":null}}],"line":169},"34":{"loc":{"start":{"line":171,"column":4},"end":{"line":175,"column":null}},"type":"if","locations":[{"start":{"line":171,"column":4},"end":{"line":175,"column":null}},{"start":{},"end":{}}],"line":171},"35":{"loc":{"start":{"line":173,"column":6},"end":{"line":173,"column":null}},"type":"if","locations":[{"start":{"line":173,"column":6},"end":{"line":173,"column":null}},{"start":{},"end":{}}],"line":173},"36":{"loc":{"start":{"line":173,"column":10},"end":{"line":173,"column":36}},"type":"binary-expr","locations":[{"start":{"line":173,"column":10},"end":{"line":173,"column":21}},{"start":{"line":173,"column":21},"end":{"line":173,"column":36}}],"line":173},"37":{"loc":{"start":{"line":177,"column":4},"end":{"line":177,"column":null}},"type":"if","locations":[{"start":{"line":177,"column":4},"end":{"line":177,"column":null}},{"start":{},"end":{}}],"line":177},"38":{"loc":{"start":{"line":177,"column":8},"end":{"line":177,"column":41}},"type":"binary-expr","locations":[{"start":{"line":177,"column":8},"end":{"line":177,"column":26}},{"start":{"line":177,"column":26},"end":{"line":177,"column":41}}],"line":177},"39":{"loc":{"start":{"line":183,"column":4},"end":{"line":183,"column":null}},"type":"default-arg","locations":[{"start":{"line":183,"column":26},"end":{"line":183,"column":null}}],"line":183},"40":{"loc":{"start":{"line":185,"column":4},"end":{"line":189,"column":null}},"type":"if","locations":[{"start":{"line":185,"column":4},"end":{"line":189,"column":null}},{"start":{},"end":{}}],"line":185},"41":{"loc":{"start":{"line":188,"column":8},"end":{"line":188,"column":null}},"type":"binary-expr","locations":[{"start":{"line":188,"column":8},"end":{"line":188,"column":25}},{"start":{"line":188,"column":25},"end":{"line":188,"column":null}}],"line":188},"42":{"loc":{"start":{"line":191,"column":4},"end":{"line":191,"column":null}},"type":"if","locations":[{"start":{"line":191,"column":4},"end":{"line":191,"column":null}},{"start":{},"end":{}}],"line":191},"43":{"loc":{"start":{"line":191,"column":8},"end":{"line":191,"column":41}},"type":"binary-expr","locations":[{"start":{"line":191,"column":8},"end":{"line":191,"column":26}},{"start":{"line":191,"column":26},"end":{"line":191,"column":41}}],"line":191},"44":{"loc":{"start":{"line":197,"column":4},"end":{"line":197,"column":null}},"type":"default-arg","locations":[{"start":{"line":197,"column":26},"end":{"line":197,"column":null}}],"line":197},"45":{"loc":{"start":{"line":199,"column":4},"end":{"line":203,"column":null}},"type":"if","locations":[{"start":{"line":199,"column":4},"end":{"line":203,"column":null}},{"start":{},"end":{}}],"line":199},"46":{"loc":{"start":{"line":202,"column":8},"end":{"line":202,"column":null}},"type":"binary-expr","locations":[{"start":{"line":202,"column":8},"end":{"line":202,"column":25}},{"start":{"line":202,"column":25},"end":{"line":202,"column":null}}],"line":202},"47":{"loc":{"start":{"line":205,"column":4},"end":{"line":205,"column":null}},"type":"if","locations":[{"start":{"line":205,"column":4},"end":{"line":205,"column":null}},{"start":{},"end":{}}],"line":205},"48":{"loc":{"start":{"line":205,"column":8},"end":{"line":205,"column":41}},"type":"binary-expr","locations":[{"start":{"line":205,"column":8},"end":{"line":205,"column":26}},{"start":{"line":205,"column":26},"end":{"line":205,"column":41}}],"line":205},"49":{"loc":{"start":{"line":209,"column":21},"end":{"line":209,"column":64}},"type":"default-arg","locations":[{"start":{"line":209,"column":45},"end":{"line":209,"column":64}}],"line":209},"50":{"loc":{"start":{"line":210,"column":4},"end":{"line":210,"column":null}},"type":"if","locations":[{"start":{"line":210,"column":4},"end":{"line":210,"column":null}},{"start":{},"end":{}}],"line":210},"51":{"loc":{"start":{"line":212,"column":4},"end":{"line":212,"column":null}},"type":"if","locations":[{"start":{"line":212,"column":4},"end":{"line":212,"column":null}},{"start":{},"end":{}}],"line":212},"52":{"loc":{"start":{"line":212,"column":8},"end":{"line":212,"column":53}},"type":"binary-expr","locations":[{"start":{"line":212,"column":8},"end":{"line":212,"column":32}},{"start":{"line":212,"column":32},"end":{"line":212,"column":53}}],"line":212},"53":{"loc":{"start":{"line":214,"column":6},"end":{"line":214,"column":null}},"type":"cond-expr","locations":[{"start":{"line":214,"column":33},"end":{"line":214,"column":38}},{"start":{"line":214,"column":38},"end":{"line":214,"column":null}}],"line":214},"54":{"loc":{"start":{"line":225,"column":4},"end":{"line":225,"column":null}},"type":"default-arg","locations":[{"start":{"line":225,"column":28},"end":{"line":225,"column":null}}],"line":225},"55":{"loc":{"start":{"line":227,"column":4},"end":{"line":231,"column":null}},"type":"if","locations":[{"start":{"line":227,"column":4},"end":{"line":231,"column":null}},{"start":{},"end":{}}],"line":227},"56":{"loc":{"start":{"line":228,"column":22},"end":{"line":228,"column":null}},"type":"cond-expr","locations":[{"start":{"line":228,"column":49},"end":{"line":228,"column":56}},{"start":{"line":228,"column":56},"end":{"line":228,"column":null}}],"line":228},"57":{"loc":{"start":{"line":233,"column":4},"end":{"line":236,"column":null}},"type":"if","locations":[{"start":{"line":233,"column":4},"end":{"line":236,"column":null}},{"start":{},"end":{}}],"line":233},"58":{"loc":{"start":{"line":280,"column":4},"end":{"line":285,"column":null}},"type":"if","locations":[{"start":{"line":280,"column":4},"end":{"line":285,"column":null}},{"start":{},"end":{}}],"line":280}},"s":{"0":0,"1":5,"2":5,"3":5,"4":13,"5":0,"6":0,"7":0,"8":4,"9":0,"10":4,"11":1,"12":0,"13":1,"14":0,"15":0,"16":0,"17":0,"18":0,"19":4,"20":0,"21":4,"22":0,"23":0,"24":4,"25":0,"26":4,"27":0,"28":0,"29":0,"30":0,"31":0,"32":0,"33":0,"34":0,"35":0,"36":0,"37":0,"38":0,"39":0,"40":0,"41":0,"42":0,"43":0,"44":0,"45":0,"46":0,"47":0,"48":0,"49":0,"50":0,"51":0,"52":0,"53":0,"54":0,"55":0,"56":0,"57":0,"58":0,"59":0,"60":0,"61":0,"62":0,"63":0,"64":0,"65":0,"66":0,"67":0,"68":0,"69":0,"70":0,"71":0,"72":0,"73":0,"74":0,"75":0,"76":0,"77":0,"78":0,"79":4,"80":4,"81":0,"82":0,"83":0,"84":0,"85":4,"86":0,"87":0,"88":0,"89":4,"90":4,"91":0,"92":0,"93":4,"94":0,"95":0,"96":0,"97":0,"98":0,"99":0,"100":0,"101":0,"102":0,"103":5},"f":{"0":0,"1":5,"2":13,"3":0,"4":4,"5":1,"6":0,"7":0,"8":0,"9":0,"10":4,"11":0,"12":0,"13":0,"14":0,"15":0,"16":0,"17":0,"18":0,"19":0,"20":0,"21":0,"22":0,"23":0,"24":0,"25":0,"26":0,"27":4,"28":4,"29":0,"30":0,"31":0,"32":0,"33":0,"34":0,"35":5,"36":5},"b":{"0":[0,0],"1":[0,4],"2":[0,1],"3":[0,0],"4":[1,0],"5":[0,0],"6":[0,0,0],"7":[4],"8":[0,4],"9":[0,0],"10":[0,4],"11":[0,4],"12":[4,0],"13":[0],"14":[0,0],"15":[0,0],"16":[0,0],"17":[0,0],"18":[0],"19":[0,0],"20":[0,0],"21":[0,0],"22":[0,0],"23":[0],"24":[0,0],"25":[0,0],"26":[0,0],"27":[0,0],"28":[0],"29":[0,0],"30":[0,0],"31":[0,0],"32":[0,0],"33":[0],"34":[0,0],"35":[0,0],"36":[0,0],"37":[0,0],"38":[0,0],"39":[0],"40":[0,0],"41":[0,0],"42":[0,0],"43":[0,0],"44":[0],"45":[0,0],"46":[0,0],"47":[0,0],"48":[0,0],"49":[4],"50":[4,0],"51":[0,0],"52":[0,0],"53":[0,0],"54":[4],"55":[0,4],"56":[0,0],"57":[0,4],"58":[0,0]},"meta":{"lastBranch":59,"lastFunction":37,"lastStatement":104,"seen":{"f:40:9:40:25":0,"s:41:2:44:Infinity":0,"s:55:37:55:Infinity":1,"f:57:2:57:10":1,"s:58:20:58:Infinity":2,"s:59:21:59:Infinity":3,"f:62:13:62:32":2,"s:63:4:63:Infinity":4,"f:67:13:67:56":3,"b:68:4:69:Infinity:undefined:undefined:undefined:undefined":0,"s:68:4:69:Infinity":5,"s:69:6:69:Infinity":6,"s:70:4:70:Infinity":7,"f:74:13:74:32":4,"b:75:4:75:Infinity:undefined:undefined:undefined:undefined":1,"s:75:4:75:Infinity":8,"s:75:28:75:Infinity":9,"s:76:4:76:Infinity":10,"f:79:13:79:26":5,"b:80:4:85:Infinity:undefined:undefined:undefined:undefined":2,"s:80:4:85:Infinity":11,"s:81:6:83:Infinity":12,"b:82:9:82:Infinity:83:9:83:Infinity":3,"s:86:4:87:Infinity":13,"b:87:7:87:42:87:42:87:Infinity":4,"f:91:13:91:42":6,"s:92:23:92:Infinity":14,"s:93:4:95:Infinity":15,"b:94:9:94:Infinity:95:8:95:Infinity":5,"b:93:11:93:21:93:21:93:51:93:51:93:Infinity":6,"f:98:13:98:35":7,"s:99:4:99:Infinity":16,"f:102:13:102:38":8,"s:103:4:103:Infinity":17,"f:106:13:106:33":9,"s:107:4:107:Infinity":18,"f:110:15:110:Infinity":10,"b:112:26:112:Infinity":7,"b:114:4:115:Infinity:undefined:undefined:undefined:undefined":8,"s:114:4:115:Infinity":19,"s:115:6:115:Infinity":20,"b:115:54:115:71:115:71:115:76":9,"s:116:18:118:Infinity":21,"b:117:8:117:Infinity:118:8:118:Infinity":10,"f:117:40:117:52":11,"s:117:52:117:56":22,"f:118:40:118:52":12,"s:118:52:118:56":23,"b:119:4:119:Infinity:undefined:undefined:undefined:undefined":11,"s:119:4:119:Infinity":24,"b:119:8:119:26:119:26:119:41":12,"s:119:41:119:Infinity":25,"s:120:4:120:Infinity":26,"f:123:15:123:Infinity":13,"b:125:26:125:Infinity":13,"b:127:4:128:Infinity:undefined:undefined:undefined:undefined":14,"s:127:4:128:Infinity":27,"s:128:6:128:Infinity":28,"b:128:55:128:72:128:72:128:77":15,"s:129:18:129:Infinity":29,"f:129:51:129:63":14,"s:129:63:129:67":30,"b:130:4:130:Infinity:undefined:undefined:undefined:undefined":16,"s:130:4:130:Infinity":31,"b:130:8:130:26:130:26:130:41":17,"s:130:41:130:Infinity":32,"s:131:4:131:Infinity":33,"f:134:15:134:Infinity":15,"b:136:26:136:Infinity":18,"b:138:4:139:Infinity:undefined:undefined:undefined:undefined":19,"s:138:4:139:Infinity":34,"s:139:6:139:Infinity":35,"b:139:54:139:71:139:71:139:76":20,"s:140:18:140:Infinity":36,"f:140:50:140:62":16,"s:140:62:140:66":37,"b:141:4:141:Infinity:undefined:undefined:undefined:undefined":21,"s:141:4:141:Infinity":38,"b:141:8:141:26:141:26:141:41":22,"s:141:41:141:Infinity":39,"s:142:4:142:Infinity":40,"f:145:15:145:Infinity":17,"b:147:26:147:Infinity":23,"b:149:4:150:Infinity:undefined:undefined:undefined:undefined":24,"s:149:4:150:Infinity":41,"s:150:6:150:Infinity":42,"b:150:55:150:72:150:72:150:77":25,"s:151:18:151:Infinity":43,"f:151:51:151:63":18,"s:151:63:151:67":44,"b:152:4:152:Infinity:undefined:undefined:undefined:undefined":26,"s:152:4:152:Infinity":45,"b:152:8:152:26:152:26:152:41":27,"s:152:41:152:Infinity":46,"s:153:4:153:Infinity":47,"f:156:15:156:Infinity":19,"b:158:26:158:Infinity":28,"b:160:4:161:Infinity:undefined:undefined:undefined:undefined":29,"s:160:4:161:Infinity":48,"s:161:6:161:Infinity":49,"b:161:52:161:69:161:69:161:74":30,"s:162:18:162:Infinity":50,"f:162:48:162:60":20,"s:162:60:162:64":51,"b:163:4:163:Infinity:undefined:undefined:undefined:undefined":31,"s:163:4:163:Infinity":52,"b:163:8:163:26:163:26:163:41":32,"s:163:41:163:Infinity":53,"s:164:4:164:Infinity":54,"f:167:15:167:Infinity":21,"b:169:26:169:Infinity":33,"b:171:4:175:Infinity:undefined:undefined:undefined:undefined":34,"s:171:4:175:Infinity":55,"s:172:21:172:Infinity":56,"b:173:6:173:Infinity:undefined:undefined:undefined:undefined":35,"s:173:6:173:Infinity":57,"b:173:10:173:21:173:21:173:36":36,"s:173:36:173:Infinity":58,"s:174:6:174:Infinity":59,"s:176:18:176:Infinity":60,"f:176:50:176:62":22,"s:176:62:176:66":61,"b:177:4:177:Infinity:undefined:undefined:undefined:undefined":37,"s:177:4:177:Infinity":62,"b:177:8:177:26:177:26:177:41":38,"s:177:41:177:Infinity":63,"s:178:4:178:Infinity":64,"f:181:15:181:Infinity":23,"b:183:26:183:Infinity":39,"b:185:4:189:Infinity:undefined:undefined:undefined:undefined":40,"s:185:4:189:Infinity":65,"s:186:6:189:Infinity":66,"b:188:8:188:25:188:25:188:Infinity":41,"s:190:18:190:Infinity":67,"f:190:48:190:60":24,"s:190:60:190:64":68,"b:191:4:191:Infinity:undefined:undefined:undefined:undefined":42,"s:191:4:191:Infinity":69,"b:191:8:191:26:191:26:191:41":43,"s:191:41:191:Infinity":70,"s:192:4:192:Infinity":71,"f:195:15:195:Infinity":25,"b:197:26:197:Infinity":44,"b:199:4:203:Infinity:undefined:undefined:undefined:undefined":45,"s:199:4:203:Infinity":72,"s:200:6:203:Infinity":73,"b:202:8:202:25:202:25:202:Infinity":46,"s:204:18:204:Infinity":74,"f:204:56:204:68":26,"s:204:68:204:72":75,"b:205:4:205:Infinity:undefined:undefined:undefined:undefined":47,"s:205:4:205:Infinity":76,"b:205:8:205:26:205:26:205:41":48,"s:205:41:205:Infinity":77,"s:206:4:206:Infinity":78,"f:209:15:209:21":27,"b:209:45:209:64":49,"b:210:4:210:Infinity:undefined:undefined:undefined:undefined":50,"s:210:4:210:Infinity":79,"s:210:23:210:Infinity":80,"s:211:28:211:Infinity":81,"b:212:4:212:Infinity:undefined:undefined:undefined:undefined":51,"s:212:4:212:Infinity":82,"b:212:8:212:32:212:32:212:53":52,"s:212:53:212:Infinity":83,"s:213:4:215:Infinity":84,"b:214:33:214:38:214:38:214:Infinity":53,"f:223:15:223:Infinity":28,"b:225:28:225:Infinity":54,"b:227:4:231:Infinity:undefined:undefined:undefined:undefined":55,"s:227:4:231:Infinity":85,"s:228:22:228:Infinity":86,"b:228:49:228:56:228:56:228:Infinity":56,"s:229:6:229:Infinity":87,"s:230:6:230:Infinity":88,"s:232:20:232:Infinity":89,"b:233:4:236:Infinity:undefined:undefined:undefined:undefined":57,"s:233:4:236:Infinity":90,"s:234:6:234:Infinity":91,"s:235:6:235:Infinity":92,"s:237:4:237:Infinity":93,"f:240:2:240:9":29,"s:245:4:245:Infinity":94,"f:248:2:248:9":30,"s:253:4:253:Infinity":95,"f:256:2:256:9":31,"s:261:4:261:Infinity":96,"f:264:2:264:9":32,"s:269:4:269:Infinity":97,"f:273:2:273:9":33,"s:274:4:274:Infinity":98,"f:278:15:278:31":34,"s:279:19:279:Infinity":99,"b:280:4:285:Infinity:undefined:undefined:undefined:undefined":58,"s:280:4:285:Infinity":100,"s:281:6:284:Infinity":101,"f:288:16:288:Infinity":35,"s:291:4:291:Infinity":102,"f:294:16:294:28":36,"s:295:4:295:Infinity":103},"fnNames":{}}}
,"/home/rebiz/opt/lumi/packages/core/src/lib/commands.ts": {"path":"/home/rebiz/opt/lumi/packages/core/src/lib/commands.ts","statementMap":{"0":{"start":{"line":43,"column":2},"end":{"line":43,"column":null}},"1":{"start":{"line":43,"column":60},"end":{"line":43,"column":null}},"2":{"start":{"line":44,"column":2},"end":{"line":54,"column":null}},"3":{"start":{"line":47,"column":6},"end":{"line":47,"column":null}},"4":{"start":{"line":49,"column":6},"end":{"line":49,"column":null}},"5":{"start":{"line":51,"column":6},"end":{"line":51,"column":null}},"6":{"start":{"line":53,"column":6},"end":{"line":53,"column":null}},"7":{"start":{"line":78,"column":2},"end":{"line":78,"column":null}},"8":{"start":{"line":84,"column":2},"end":{"line":95,"column":null}},"9":{"start":{"line":90,"column":4},"end":{"line":95,"column":null}},"10":{"start":{"line":99,"column":28},"end":{"line":99,"column":null}},"11":{"start":{"line":101,"column":26},"end":{"line":101,"column":null}},"12":{"start":{"line":103,"column":28},"end":{"line":103,"column":null}},"13":{"start":{"line":105,"column":25},"end":{"line":105,"column":null}},"14":{"start":{"line":111,"column":2},"end":{"line":119,"column":null}},"15":{"start":{"line":112,"column":4},"end":{"line":112,"column":null}},"16":{"start":{"line":113,"column":9},"end":{"line":119,"column":null}},"17":{"start":{"line":114,"column":4},"end":{"line":114,"column":null}},"18":{"start":{"line":115,"column":9},"end":{"line":119,"column":null}},"19":{"start":{"line":116,"column":4},"end":{"line":116,"column":null}},"20":{"start":{"line":117,"column":9},"end":{"line":119,"column":null}},"21":{"start":{"line":118,"column":4},"end":{"line":118,"column":null}},"22":{"start":{"line":143,"column":27},"end":{"line":143,"column":null}},"23":{"start":{"line":167,"column":2},"end":{"line":167,"column":null}},"24":{"start":{"line":167,"column":16},"end":{"line":167,"column":null}},"25":{"start":{"line":168,"column":2},"end":{"line":185,"column":null}},"26":{"start":{"line":169,"column":4},"end":{"line":174,"column":null}},"27":{"start":{"line":170,"column":6},"end":{"line":173,"column":null}},"28":{"start":{"line":175,"column":4},"end":{"line":175,"column":null}},"29":{"start":{"line":175,"column":20},"end":{"line":175,"column":null}},"30":{"start":{"line":176,"column":29},"end":{"line":176,"column":null}},"31":{"start":{"line":177,"column":4},"end":{"line":177,"column":null}},"32":{"start":{"line":178,"column":4},"end":{"line":184,"column":null}},"33":{"start":{"line":194,"column":17},"end":{"line":194,"column":null}},"34":{"start":{"line":195,"column":2},"end":{"line":219,"column":null}},"35":{"start":{"line":196,"column":20},"end":{"line":196,"column":null}},"36":{"start":{"line":197,"column":4},"end":{"line":201,"column":null}},"37":{"start":{"line":198,"column":6},"end":{"line":200,"column":null}},"38":{"start":{"line":202,"column":4},"end":{"line":208,"column":null}},"39":{"start":{"line":205,"column":7},"end":{"line":208,"column":null}},"40":{"start":{"line":209,"column":4},"end":{"line":218,"column":null}},"41":{"start":{"line":210,"column":6},"end":{"line":217,"column":null}},"42":{"start":{"line":214,"column":9},"end":{"line":217,"column":null}},"43":{"start":{"line":236,"column":22},"end":{"line":238,"column":null}},"44":{"start":{"line":240,"column":4},"end":{"line":247,"column":null}},"45":{"start":{"line":242,"column":6},"end":{"line":246,"column":null}},"46":{"start":{"line":248,"column":2},"end":{"line":263,"column":null}},"47":{"start":{"line":270,"column":17},"end":{"line":270,"column":null}},"48":{"start":{"line":271,"column":2},"end":{"line":276,"column":null}},"49":{"start":{"line":272,"column":4},"end":{"line":275,"column":null}},"50":{"start":{"line":282,"column":2},"end":{"line":282,"column":null}},"51":{"start":{"line":301,"column":17},"end":{"line":301,"column":null}},"52":{"start":{"line":302,"column":2},"end":{"line":302,"column":null}},"53":{"start":{"line":302,"column":36},"end":{"line":302,"column":null}},"54":{"start":{"line":303,"column":19},"end":{"line":303,"column":null}},"55":{"start":{"line":305,"column":8},"end":{"line":311,"column":null}},"56":{"start":{"line":306,"column":14},"end":{"line":306,"column":null}},"57":{"start":{"line":307,"column":4},"end":{"line":307,"column":null}},"58":{"start":{"line":308,"column":4},"end":{"line":308,"column":null}},"59":{"start":{"line":309,"column":4},"end":{"line":309,"column":null}},"60":{"start":{"line":310,"column":4},"end":{"line":310,"column":null}},"61":{"start":{"line":313,"column":8},"end":{"line":326,"column":null}},"62":{"start":{"line":314,"column":4},"end":{"line":317,"column":null}},"63":{"start":{"line":315,"column":17},"end":{"line":315,"column":null}},"64":{"start":{"line":316,"column":6},"end":{"line":316,"column":null}},"65":{"start":{"line":316,"column":36},"end":{"line":316,"column":null}},"66":{"start":{"line":318,"column":4},"end":{"line":324,"column":null}},"67":{"start":{"line":323,"column":6},"end":{"line":323,"column":null}},"68":{"start":{"line":325,"column":4},"end":{"line":325,"column":null}},"69":{"start":{"line":328,"column":2},"end":{"line":346,"column":null}},"70":{"start":{"line":332,"column":19},"end":{"line":332,"column":null}},"71":{"start":{"line":333,"column":19},"end":{"line":333,"column":null}},"72":{"start":{"line":335,"column":6},"end":{"line":336,"column":null}},"73":{"start":{"line":336,"column":8},"end":{"line":336,"column":null}},"74":{"start":{"line":337,"column":6},"end":{"line":338,"column":null}},"75":{"start":{"line":338,"column":8},"end":{"line":338,"column":null}},"76":{"start":{"line":339,"column":6},"end":{"line":344,"column":null}},"77":{"start":{"line":340,"column":8},"end":{"line":340,"column":null}},"78":{"start":{"line":342,"column":8},"end":{"line":342,"column":null}},"79":{"start":{"line":343,"column":8},"end":{"line":343,"column":null}},"80":{"start":{"line":371,"column":21},"end":{"line":371,"column":null}},"81":{"start":{"line":372,"column":4},"end":{"line":372,"column":null}},"82":{"start":{"line":373,"column":4},"end":{"line":373,"column":null}},"83":{"start":{"line":374,"column":4},"end":{"line":374,"column":null}},"84":{"start":{"line":375,"column":4},"end":{"line":375,"column":null}},"85":{"start":{"line":376,"column":4},"end":{"line":376,"column":null}},"86":{"start":{"line":377,"column":4},"end":{"line":384,"column":null}},"87":{"start":{"line":378,"column":6},"end":{"line":379,"column":null}},"88":{"start":{"line":379,"column":8},"end":{"line":379,"column":null}},"89":{"start":{"line":380,"column":6},"end":{"line":383,"column":null}},"90":{"start":{"line":381,"column":8},"end":{"line":382,"column":null}},"91":{"start":{"line":382,"column":10},"end":{"line":382,"column":null}},"92":{"start":{"line":385,"column":4},"end":{"line":385,"column":null}},"93":{"start":{"line":386,"column":4},"end":{"line":386,"column":null}},"94":{"start":{"line":399,"column":4},"end":{"line":399,"column":null}},"95":{"start":{"line":400,"column":4},"end":{"line":403,"column":null}},"96":{"start":{"line":421,"column":21},"end":{"line":421,"column":null}},"97":{"start":{"line":422,"column":21},"end":{"line":422,"column":null}},"98":{"start":{"line":423,"column":24},"end":{"line":427,"column":null}},"99":{"start":{"line":428,"column":4},"end":{"line":431,"column":null}},"100":{"start":{"line":432,"column":4},"end":{"line":432,"column":null}},"101":{"start":{"line":433,"column":4},"end":{"line":433,"column":null}},"102":{"start":{"line":434,"column":4},"end":{"line":434,"column":null}},"103":{"start":{"line":435,"column":4},"end":{"line":435,"column":null}},"104":{"start":{"line":436,"column":4},"end":{"line":436,"column":null}},"105":{"start":{"line":437,"column":4},"end":{"line":437,"column":null}},"106":{"start":{"line":438,"column":4},"end":{"line":438,"column":null}},"107":{"start":{"line":444,"column":4},"end":{"line":444,"column":null}},"108":{"start":{"line":445,"column":4},"end":{"line":448,"column":null}}},"fnMap":{"0":{"name":"mapPermissionLevelToDiscordPermission","decl":{"start":{"line":40,"column":9},"end":{"line":40,"column":null}},"loc":{"start":{"line":42,"column":22},"end":{"line":55,"column":null}},"line":42},"1":{"name":"sendReply","decl":{"start":{"line":74,"column":22},"end":{"line":74,"column":null}},"loc":{"start":{"line":77,"column":17},"end":{"line":79,"column":null}},"line":77},"2":{"name":"makeReplyHelper","decl":{"start":{"line":83,"column":9},"end":{"line":83,"column":25}},"loc":{"start":{"line":83,"column":47},"end":{"line":96,"column":null}},"line":83},"3":{"name":"(anonymous_3)","decl":{"start":{"line":84,"column":2},"end":{"line":84,"column":null}},"loc":{"start":{"line":90,"column":4},"end":{"line":95,"column":null}},"line":90},"4":{"name":"appendPermissionPrecondition","decl":{"start":{"line":107,"column":9},"end":{"line":107,"column":null}},"loc":{"start":{"line":110,"column":8},"end":{"line":120,"column":null}},"line":110},"5":{"name":"transformRunMappings","decl":{"start":{"line":162,"column":9},"end":{"line":162,"column":null}},"loc":{"start":{"line":166,"column":33},"end":{"line":186,"column":null}},"line":166},"6":{"name":"(anonymous_6)","decl":{"start":{"line":168,"column":17},"end":{"line":168,"column":22}},"loc":{"start":{"line":168,"column":32},"end":{"line":185,"column":3}},"line":168},"7":{"name":"defineCtxWrappers","decl":{"start":{"line":189,"column":9},"end":{"line":189,"column":null}},"loc":{"start":{"line":193,"column":8},"end":{"line":220,"column":null}},"line":193},"8":{"name":"(anonymous_8)","decl":{"start":{"line":202,"column":40},"end":{"line":202,"column":null}},"loc":{"start":{"line":205,"column":7},"end":{"line":208,"column":null}},"line":205},"9":{"name":"(anonymous_9)","decl":{"start":{"line":210,"column":45},"end":{"line":210,"column":null}},"loc":{"start":{"line":214,"column":9},"end":{"line":217,"column":null}},"line":214},"10":{"name":"resolveCommandDefaults","decl":{"start":{"line":233,"column":9},"end":{"line":233,"column":null}},"loc":{"start":{"line":235,"column":27},"end":{"line":264,"column":null}},"line":235},"11":{"name":"(anonymous_11)","decl":{"start":{"line":241,"column":26},"end":{"line":241,"column":32}},"loc":{"start":{"line":242,"column":6},"end":{"line":246,"column":null}},"line":242},"12":{"name":"assertPermissionLevel","decl":{"start":{"line":266,"column":22},"end":{"line":266,"column":null}},"loc":{"start":{"line":269,"column":17},"end":{"line":277,"column":null}},"line":269},"13":{"name":"fetchTyped","decl":{"start":{"line":279,"column":16},"end":{"line":279,"column":null}},"loc":{"start":{"line":281,"column":18},"end":{"line":283,"column":null}},"line":281},"14":{"name":"autoApplyCommandDefaults","decl":{"start":{"line":300,"column":9},"end":{"line":300,"column":34}},"loc":{"start":{"line":300,"column":77},"end":{"line":347,"column":null}},"line":300},"15":{"name":"(anonymous_15)","decl":{"start":{"line":305,"column":8},"end":{"line":305,"column":28}},"loc":{"start":{"line":305,"column":46},"end":{"line":311,"column":null}},"line":305},"16":{"name":"(anonymous_16)","decl":{"start":{"line":313,"column":8},"end":{"line":313,"column":24}},"loc":{"start":{"line":313,"column":40},"end":{"line":326,"column":null}},"line":313},"17":{"name":"(anonymous_17)","decl":{"start":{"line":316,"column":6},"end":{"line":316,"column":15}},"loc":{"start":{"line":316,"column":36},"end":{"line":316,"column":null}},"line":316},"18":{"name":"value","decl":{"start":{"line":331,"column":10},"end":{"line":331,"column":16}},"loc":{"start":{"line":331,"column":69},"end":{"line":345,"column":null}},"line":331},"19":{"name":"(anonymous_19)","decl":{"start":{"line":335,"column":15},"end":{"line":335,"column":43}},"loc":{"start":{"line":336,"column":8},"end":{"line":336,"column":null}},"line":336},"20":{"name":"(anonymous_20)","decl":{"start":{"line":337,"column":15},"end":{"line":337,"column":45}},"loc":{"start":{"line":338,"column":8},"end":{"line":338,"column":null}},"line":338},"21":{"name":"constructor","decl":{"start":{"line":367,"column":2},"end":{"line":367,"column":9}},"loc":{"start":{"line":370,"column":4},"end":{"line":387,"column":null}},"line":370},"22":{"name":"(anonymous_22)","decl":{"start":{"line":378,"column":11},"end":{"line":378,"column":27}},"loc":{"start":{"line":379,"column":8},"end":{"line":379,"column":null}},"line":379},"23":{"name":"(anonymous_23)","decl":{"start":{"line":381,"column":13},"end":{"line":381,"column":27}},"loc":{"start":{"line":382,"column":10},"end":{"line":382,"column":null}},"line":382},"24":{"name":"parseConstructorPreConditions","decl":{"start":{"line":396,"column":2},"end":{"line":396,"column":21}},"loc":{"start":{"line":398,"column":10},"end":{"line":404,"column":null}},"line":398},"25":{"name":"constructor_2","decl":{"start":{"line":417,"column":2},"end":{"line":417,"column":9}},"loc":{"start":{"line":420,"column":4},"end":{"line":439,"column":null}},"line":420},"26":{"name":"parseConstructorPreConditions_2","decl":{"start":{"line":441,"column":2},"end":{"line":441,"column":21}},"loc":{"start":{"line":443,"column":10},"end":{"line":449,"column":null}},"line":443}},"branchMap":{"0":{"loc":{"start":{"line":43,"column":2},"end":{"line":43,"column":null}},"type":"if","locations":[{"start":{"line":43,"column":2},"end":{"line":43,"column":null}},{"start":{},"end":{}}],"line":43},"1":{"loc":{"start":{"line":43,"column":6},"end":{"line":43,"column":60}},"type":"binary-expr","locations":[{"start":{"line":43,"column":6},"end":{"line":43,"column":29}},{"start":{"line":43,"column":29},"end":{"line":43,"column":60}}],"line":43},"2":{"loc":{"start":{"line":44,"column":2},"end":{"line":54,"column":null}},"type":"switch","locations":[{"start":{"line":45,"column":4},"end":{"line":45,"column":null}},{"start":{"line":46,"column":4},"end":{"line":47,"column":null}},{"start":{"line":48,"column":4},"end":{"line":49,"column":null}},{"start":{"line":50,"column":4},"end":{"line":51,"column":null}},{"start":{"line":52,"column":4},"end":{"line":53,"column":null}}],"line":44},"3":{"loc":{"start":{"line":88,"column":4},"end":{"line":88,"column":null}},"type":"default-arg","locations":[{"start":{"line":88,"column":25},"end":{"line":88,"column":null}}],"line":88},"4":{"loc":{"start":{"line":92,"column":6},"end":{"line":94,"column":null}},"type":"cond-expr","locations":[{"start":{"line":93,"column":10},"end":{"line":93,"column":null}},{"start":{"line":94,"column":10},"end":{"line":94,"column":null}}],"line":92},"5":{"loc":{"start":{"line":111,"column":2},"end":{"line":119,"column":null}},"type":"if","locations":[{"start":{"line":111,"column":2},"end":{"line":119,"column":null}},{"start":{"line":113,"column":9},"end":{"line":119,"column":null}}],"line":111},"6":{"loc":{"start":{"line":113,"column":9},"end":{"line":119,"column":null}},"type":"if","locations":[{"start":{"line":113,"column":9},"end":{"line":119,"column":null}},{"start":{"line":115,"column":9},"end":{"line":119,"column":null}}],"line":113},"7":{"loc":{"start":{"line":115,"column":9},"end":{"line":119,"column":null}},"type":"if","locations":[{"start":{"line":115,"column":9},"end":{"line":119,"column":null}},{"start":{"line":117,"column":9},"end":{"line":119,"column":null}}],"line":115},"8":{"loc":{"start":{"line":117,"column":9},"end":{"line":119,"column":null}},"type":"if","locations":[{"start":{"line":117,"column":9},"end":{"line":119,"column":null}},{"start":{},"end":{}}],"line":117},"9":{"loc":{"start":{"line":167,"column":2},"end":{"line":167,"column":null}},"type":"if","locations":[{"start":{"line":167,"column":2},"end":{"line":167,"column":null}},{"start":{},"end":{}}],"line":167},"10":{"loc":{"start":{"line":169,"column":4},"end":{"line":174,"column":null}},"type":"if","locations":[{"start":{"line":169,"column":4},"end":{"line":174,"column":null}},{"start":{},"end":{}}],"line":169},"11":{"loc":{"start":{"line":175,"column":4},"end":{"line":175,"column":null}},"type":"if","locations":[{"start":{"line":175,"column":4},"end":{"line":175,"column":null}},{"start":{},"end":{}}],"line":175},"12":{"loc":{"start":{"line":181,"column":10},"end":{"line":183,"column":null}},"type":"cond-expr","locations":[{"start":{"line":182,"column":10},"end":{"line":182,"column":null}},{"start":{"line":183,"column":10},"end":{"line":183,"column":null}}],"line":181},"13":{"loc":{"start":{"line":197,"column":4},"end":{"line":201,"column":null}},"type":"if","locations":[{"start":{"line":197,"column":4},"end":{"line":201,"column":null}},{"start":{},"end":{}}],"line":197},"14":{"loc":{"start":{"line":209,"column":4},"end":{"line":218,"column":null}},"type":"if","locations":[{"start":{"line":209,"column":4},"end":{"line":218,"column":null}},{"start":{},"end":{}}],"line":209},"15":{"loc":{"start":{"line":240,"column":4},"end":{"line":247,"column":null}},"type":"binary-expr","locations":[{"start":{"line":240,"column":4},"end":{"line":240,"column":null}},{"start":{"line":241,"column":4},"end":{"line":247,"column":null}}],"line":240},"16":{"loc":{"start":{"line":242,"column":6},"end":{"line":246,"column":null}},"type":"cond-expr","locations":[{"start":{"line":243,"column":10},"end":{"line":243,"column":null}},{"start":{"line":244,"column":10},"end":{"line":246,"column":null}}],"line":242},"17":{"loc":{"start":{"line":244,"column":10},"end":{"line":246,"column":null}},"type":"cond-expr","locations":[{"start":{"line":245,"column":12},"end":{"line":245,"column":null}},{"start":{"line":246,"column":12},"end":{"line":246,"column":null}}],"line":244},"18":{"loc":{"start":{"line":244,"column":10},"end":{"line":244,"column":null}},"type":"binary-expr","locations":[{"start":{"line":244,"column":10},"end":{"line":244,"column":35}},{"start":{"line":244,"column":35},"end":{"line":244,"column":49}},{"start":{"line":244,"column":49},"end":{"line":244,"column":null}}],"line":244},"19":{"loc":{"start":{"line":249,"column":21},"end":{"line":249,"column":null}},"type":"binary-expr","locations":[{"start":{"line":249,"column":21},"end":{"line":249,"column":48}},{"start":{"line":249,"column":48},"end":{"line":249,"column":null}}],"line":249},"20":{"loc":{"start":{"line":250,"column":22},"end":{"line":252,"column":null}},"type":"binary-expr","locations":[{"start":{"line":250,"column":22},"end":{"line":250,"column":50}},{"start":{"line":250,"column":50},"end":{"line":252,"column":null}}],"line":250},"21":{"loc":{"start":{"line":253,"column":14},"end":{"line":261,"column":null}},"type":"binary-expr","locations":[{"start":{"line":253,"column":14},"end":{"line":253,"column":34}},{"start":{"line":253,"column":34},"end":{"line":261,"column":null}}],"line":253},"22":{"loc":{"start":{"line":255,"column":10},"end":{"line":260,"column":null}},"type":"cond-expr","locations":[{"start":{"line":256,"column":10},"end":{"line":256,"column":null}},{"start":{"line":257,"column":10},"end":{"line":260,"column":null}}],"line":255},"23":{"loc":{"start":{"line":262,"column":30},"end":{"line":262,"column":null}},"type":"binary-expr","locations":[{"start":{"line":262,"column":30},"end":{"line":262,"column":66}},{"start":{"line":262,"column":66},"end":{"line":262,"column":null}}],"line":262},"24":{"loc":{"start":{"line":271,"column":2},"end":{"line":276,"column":null}},"type":"if","locations":[{"start":{"line":271,"column":2},"end":{"line":276,"column":null}},{"start":{},"end":{}}],"line":271},"25":{"loc":{"start":{"line":302,"column":2},"end":{"line":302,"column":null}},"type":"if","locations":[{"start":{"line":302,"column":2},"end":{"line":302,"column":null}},{"start":{},"end":{}}],"line":302},"26":{"loc":{"start":{"line":307,"column":34},"end":{"line":307,"column":72}},"type":"binary-expr","locations":[{"start":{"line":307,"column":34},"end":{"line":307,"column":68}},{"start":{"line":307,"column":68},"end":{"line":307,"column":72}}],"line":307},"27":{"loc":{"start":{"line":314,"column":4},"end":{"line":317,"column":null}},"type":"if","locations":[{"start":{"line":314,"column":4},"end":{"line":317,"column":null}},{"start":{},"end":{}}],"line":314},"28":{"loc":{"start":{"line":318,"column":4},"end":{"line":324,"column":null}},"type":"if","locations":[{"start":{"line":318,"column":4},"end":{"line":324,"column":null}},{"start":{},"end":{}}],"line":318},"29":{"loc":{"start":{"line":319,"column":6},"end":{"line":321,"column":null}},"type":"binary-expr","locations":[{"start":{"line":319,"column":6},"end":{"line":319,"column":null}},{"start":{"line":320,"column":6},"end":{"line":320,"column":null}},{"start":{"line":321,"column":6},"end":{"line":321,"column":null}}],"line":319},"30":{"loc":{"start":{"line":377,"column":4},"end":{"line":384,"column":null}},"type":"if","locations":[{"start":{"line":377,"column":4},"end":{"line":384,"column":null}},{"start":{},"end":{}}],"line":377},"31":{"loc":{"start":{"line":380,"column":6},"end":{"line":383,"column":null}},"type":"if","locations":[{"start":{"line":380,"column":6},"end":{"line":383,"column":null}},{"start":{},"end":{}}],"line":380},"32":{"loc":{"start":{"line":402,"column":6},"end":{"line":402,"column":null}},"type":"binary-expr","locations":[{"start":{"line":402,"column":6},"end":{"line":402,"column":33}},{"start":{"line":402,"column":33},"end":{"line":402,"column":null}}],"line":402},"33":{"loc":{"start":{"line":425,"column":6},"end":{"line":425,"column":null}},"type":"binary-expr","locations":[{"start":{"line":425,"column":6},"end":{"line":425,"column":31}},{"start":{"line":425,"column":31},"end":{"line":425,"column":null}}],"line":425},"34":{"loc":{"start":{"line":436,"column":38},"end":{"line":436,"column":68}},"type":"binary-expr","locations":[{"start":{"line":436,"column":38},"end":{"line":436,"column":63}},{"start":{"line":436,"column":63},"end":{"line":436,"column":68}}],"line":436},"35":{"loc":{"start":{"line":447,"column":6},"end":{"line":447,"column":null}},"type":"binary-expr","locations":[{"start":{"line":447,"column":6},"end":{"line":447,"column":33}},{"start":{"line":447,"column":33},"end":{"line":447,"column":null}}],"line":447}},"s":{"0":7,"1":2,"2":5,"3":5,"4":0,"5":0,"6":0,"7":0,"8":12,"9":0,"10":3,"11":3,"12":3,"13":3,"14":7,"15":5,"16":2,"17":0,"18":2,"19":0,"20":2,"21":0,"22":3,"23":5,"24":0,"25":5,"26":45,"27":0,"28":45,"29":0,"30":45,"31":45,"32":45,"33":5,"34":5,"35":45,"36":45,"37":0,"38":45,"39":0,"40":45,"41":45,"42":5,"43":7,"44":7,"45":7,"46":7,"47":0,"48":0,"49":0,"50":0,"51":7,"52":7,"53":0,"54":7,"55":7,"56":0,"57":0,"58":0,"59":0,"60":0,"61":7,"62":0,"63":0,"64":0,"65":0,"66":0,"67":0,"68":0,"69":7,"70":0,"71":0,"72":0,"73":0,"74":0,"75":0,"76":0,"77":0,"78":0,"79":0,"80":2,"81":2,"82":2,"83":2,"84":2,"85":2,"86":2,"87":0,"88":0,"89":0,"90":0,"91":0,"92":2,"93":2,"94":2,"95":2,"96":5,"97":5,"98":5,"99":5,"100":5,"101":5,"102":5,"103":5,"104":5,"105":5,"106":5,"107":5,"108":5},"f":{"0":7,"1":0,"2":12,"3":0,"4":7,"5":5,"6":45,"7":5,"8":0,"9":5,"10":7,"11":7,"12":0,"13":0,"14":7,"15":0,"16":0,"17":0,"18":0,"19":0,"20":0,"21":2,"22":0,"23":0,"24":2,"25":5,"26":5},"b":{"0":[2,5],"1":[7,5],"2":[5,5,0,0,0],"3":[0],"4":[0,0],"5":[5,2],"6":[0,2],"7":[0,2],"8":[0,2],"9":[0,5],"10":[0,45],"11":[0,45],"12":[45,0],"13":[0,45],"14":[45,0],"15":[7,7],"16":[7,0],"17":[0,0],"18":[0,0,0],"19":[7,2],"20":[7,7],"21":[7,7],"22":[7,0],"23":[7,7],"24":[0,0],"25":[0,7],"26":[0,0],"27":[0,0],"28":[0,0],"29":[0,0,0],"30":[0,2],"31":[0,0],"32":[2,2],"33":[5,0],"34":[5,0],"35":[5,0]},"meta":{"lastBranch":36,"lastFunction":27,"lastStatement":109,"seen":{"f:40:9:40:Infinity":0,"b:43:2:43:Infinity:undefined:undefined:undefined:undefined":0,"s:43:2:43:Infinity":0,"b:43:6:43:29:43:29:43:60":1,"s:43:60:43:Infinity":1,"b:45:4:45:Infinity:46:4:47:Infinity:48:4:49:Infinity:50:4:51:Infinity:52:4:53:Infinity":2,"s:44:2:54:Infinity":2,"s:47:6:47:Infinity":3,"s:49:6:49:Infinity":4,"s:51:6:51:Infinity":5,"s:53:6:53:Infinity":6,"f:74:22:74:Infinity":1,"s:78:2:78:Infinity":7,"f:83:9:83:25":2,"s:84:2:95:Infinity":8,"f:84:2:84:Infinity":3,"s:90:4:95:Infinity":9,"b:88:25:88:Infinity":3,"b:93:10:93:Infinity:94:10:94:Infinity":4,"s:99:28:99:Infinity":10,"s:101:26:101:Infinity":11,"s:103:28:103:Infinity":12,"s:105:25:105:Infinity":13,"f:107:9:107:Infinity":4,"b:111:2:119:Infinity:113:9:119:Infinity":5,"s:111:2:119:Infinity":14,"s:112:4:112:Infinity":15,"b:113:9:119:Infinity:115:9:119:Infinity":6,"s:113:9:119:Infinity":16,"s:114:4:114:Infinity":17,"b:115:9:119:Infinity:117:9:119:Infinity":7,"s:115:9:119:Infinity":18,"s:116:4:116:Infinity":19,"b:117:9:119:Infinity:undefined:undefined:undefined:undefined":8,"s:117:9:119:Infinity":20,"s:118:4:118:Infinity":21,"s:143:27:143:Infinity":22,"f:162:9:162:Infinity":5,"b:167:2:167:Infinity:undefined:undefined:undefined:undefined":9,"s:167:2:167:Infinity":23,"s:167:16:167:Infinity":24,"s:168:2:185:Infinity":25,"f:168:17:168:22":6,"b:169:4:174:Infinity:undefined:undefined:undefined:undefined":10,"s:169:4:174:Infinity":26,"s:170:6:173:Infinity":27,"b:175:4:175:Infinity:undefined:undefined:undefined:undefined":11,"s:175:4:175:Infinity":28,"s:175:20:175:Infinity":29,"s:176:29:176:Infinity":30,"s:177:4:177:Infinity":31,"s:178:4:184:Infinity":32,"b:182:10:182:Infinity:183:10:183:Infinity":12,"f:189:9:189:Infinity":7,"s:194:17:194:Infinity":33,"s:195:2:219:Infinity":34,"s:196:20:196:Infinity":35,"b:197:4:201:Infinity:undefined:undefined:undefined:undefined":13,"s:197:4:201:Infinity":36,"s:198:6:200:Infinity":37,"s:202:4:208:Infinity":38,"f:202:40:202:Infinity":8,"s:205:7:208:Infinity":39,"b:209:4:218:Infinity:undefined:undefined:undefined:undefined":14,"s:209:4:218:Infinity":40,"s:210:6:217:Infinity":41,"f:210:45:210:Infinity":9,"s:214:9:217:Infinity":42,"f:233:9:233:Infinity":10,"s:236:22:238:Infinity":43,"s:240:4:247:Infinity":44,"b:240:4:240:Infinity:241:4:247:Infinity":15,"f:241:26:241:32":11,"s:242:6:246:Infinity":45,"b:243:10:243:Infinity:244:10:246:Infinity":16,"b:245:12:245:Infinity:246:12:246:Infinity":17,"b:244:10:244:35:244:35:244:49:244:49:244:Infinity":18,"s:248:2:263:Infinity":46,"b:249:21:249:48:249:48:249:Infinity":19,"b:250:22:250:50:250:50:252:Infinity":20,"b:253:14:253:34:253:34:261:Infinity":21,"b:256:10:256:Infinity:257:10:260:Infinity":22,"b:262:30:262:66:262:66:262:Infinity":23,"f:266:22:266:Infinity":12,"s:270:17:270:Infinity":47,"b:271:2:276:Infinity:undefined:undefined:undefined:undefined":24,"s:271:2:276:Infinity":48,"s:272:4:275:Infinity":49,"f:279:16:279:Infinity":13,"s:282:2:282:Infinity":50,"f:300:9:300:34":14,"s:301:17:301:Infinity":51,"b:302:2:302:Infinity:undefined:undefined:undefined:undefined":25,"s:302:2:302:Infinity":52,"s:302:36:302:Infinity":53,"s:303:19:303:Infinity":54,"s:305:8:311:Infinity":55,"f:305:8:305:28":15,"s:306:14:306:Infinity":56,"s:307:4:307:Infinity":57,"b:307:34:307:68:307:68:307:72":26,"s:308:4:308:Infinity":58,"s:309:4:309:Infinity":59,"s:310:4:310:Infinity":60,"s:313:8:326:Infinity":61,"f:313:8:313:24":16,"b:314:4:317:Infinity:undefined:undefined:undefined:undefined":27,"s:314:4:317:Infinity":62,"s:315:17:315:Infinity":63,"s:316:6:316:Infinity":64,"f:316:6:316:15":17,"s:316:36:316:Infinity":65,"b:318:4:324:Infinity:undefined:undefined:undefined:undefined":28,"s:318:4:324:Infinity":66,"b:319:6:319:Infinity:320:6:320:Infinity:321:6:321:Infinity":29,"s:323:6:323:Infinity":67,"s:325:4:325:Infinity":68,"s:328:2:346:Infinity":69,"f:331:10:331:16":18,"s:332:19:332:Infinity":70,"s:333:19:333:Infinity":71,"s:335:6:336:Infinity":72,"f:335:15:335:43":19,"s:336:8:336:Infinity":73,"s:337:6:338:Infinity":74,"f:337:15:337:45":20,"s:338:8:338:Infinity":75,"s:339:6:344:Infinity":76,"s:340:8:340:Infinity":77,"s:342:8:342:Infinity":78,"s:343:8:343:Infinity":79,"f:367:2:367:9":21,"s:371:21:371:Infinity":80,"s:372:4:372:Infinity":81,"s:373:4:373:Infinity":82,"s:374:4:374:Infinity":83,"s:375:4:375:Infinity":84,"s:376:4:376:Infinity":85,"b:377:4:384:Infinity:undefined:undefined:undefined:undefined":30,"s:377:4:384:Infinity":86,"s:378:6:379:Infinity":87,"f:378:11:378:27":22,"s:379:8:379:Infinity":88,"b:380:6:383:Infinity:undefined:undefined:undefined:undefined":31,"s:380:6:383:Infinity":89,"s:381:8:382:Infinity":90,"f:381:13:381:27":23,"s:382:10:382:Infinity":91,"s:385:4:385:Infinity":92,"s:386:4:386:Infinity":93,"f:396:2:396:21":24,"s:399:4:399:Infinity":94,"s:400:4:403:Infinity":95,"b:402:6:402:33:402:33:402:Infinity":32,"f:417:2:417:9":25,"s:421:21:421:Infinity":96,"s:422:21:422:Infinity":97,"s:423:24:427:Infinity":98,"b:425:6:425:31:425:31:425:Infinity":33,"s:428:4:431:Infinity":99,"s:432:4:432:Infinity":100,"s:433:4:433:Infinity":101,"s:434:4:434:Infinity":102,"s:435:4:435:Infinity":103,"s:436:4:436:Infinity":104,"b:436:38:436:63:436:63:436:68":34,"s:437:4:437:Infinity":105,"s:438:4:438:Infinity":106,"f:441:2:441:21":26,"s:444:4:444:Infinity":107,"s:445:4:448:Infinity":108,"b:447:6:447:33:447:33:447:Infinity":35},"fnNames":{}}}
,"/home/rebiz/opt/lumi/packages/core/src/lib/env.ts": {"path":"/home/rebiz/opt/lumi/packages/core/src/lib/env.ts","statementMap":{"0":{"start":{"line":5,"column":16},"end":{"line":5,"column":null}},"1":{"start":{"line":6,"column":2},"end":{"line":6,"column":null}},"2":{"start":{"line":6,"column":27},"end":{"line":6,"column":null}},"3":{"start":{"line":7,"column":2},"end":{"line":7,"column":null}},"4":{"start":{"line":7,"column":34},"end":{"line":7,"column":null}},"5":{"start":{"line":8,"column":2},"end":{"line":8,"column":null}},"6":{"start":{"line":12,"column":14},"end":{"line":12,"column":null}},"7":{"start":{"line":13,"column":2},"end":{"line":17,"column":null}},"8":{"start":{"line":14,"column":14},"end":{"line":14,"column":null}},"9":{"start":{"line":15,"column":4},"end":{"line":15,"column":null}},"10":{"start":{"line":15,"column":42},"end":{"line":15,"column":null}},"11":{"start":{"line":16,"column":4},"end":{"line":16,"column":null}},"12":{"start":{"line":18,"column":2},"end":{"line":18,"column":null}},"13":{"start":{"line":18,"column":34},"end":{"line":18,"column":null}},"14":{"start":{"line":19,"column":2},"end":{"line":19,"column":null}},"15":{"start":{"line":22,"column":13},"end":{"line":22,"column":null}},"16":{"start":{"line":22,"column":45},"end":{"line":22,"column":null}},"17":{"start":{"line":27,"column":14},"end":{"line":27,"column":null}},"18":{"start":{"line":28,"column":2},"end":{"line":34,"column":null}},"19":{"start":{"line":34,"column":4},"end":{"line":34,"column":null}},"20":{"start":{"line":35,"column":2},"end":{"line":35,"column":null}},"21":{"start":{"line":39,"column":13},"end":{"line":40,"column":null}},"22":{"start":{"line":40,"column":2},"end":{"line":40,"column":null}},"23":{"start":{"line":43,"column":13},"end":{"line":44,"column":null}},"24":{"start":{"line":44,"column":2},"end":{"line":44,"column":null}},"25":{"start":{"line":47,"column":2},"end":{"line":50,"column":null}},"26":{"start":{"line":54,"column":13},"end":{"line":55,"column":null}},"27":{"start":{"line":55,"column":2},"end":{"line":55,"column":null}},"28":{"start":{"line":63,"column":13},"end":{"line":64,"column":null}},"29":{"start":{"line":64,"column":2},"end":{"line":64,"column":null}},"30":{"start":{"line":71,"column":13},"end":{"line":72,"column":null}},"31":{"start":{"line":72,"column":2},"end":{"line":72,"column":null}},"32":{"start":{"line":85,"column":14},"end":{"line":85,"column":null}},"33":{"start":{"line":86,"column":2},"end":{"line":86,"column":null}},"34":{"start":{"line":86,"column":12},"end":{"line":86,"column":null}},"35":{"start":{"line":87,"column":2},"end":{"line":90,"column":null}},"36":{"start":{"line":89,"column":16},"end":{"line":89,"column":24}},"37":{"start":{"line":90,"column":19},"end":{"line":90,"column":31}},"38":{"start":{"line":100,"column":13},"end":{"line":104,"column":null}},"39":{"start":{"line":101,"column":14},"end":{"line":101,"column":null}},"40":{"start":{"line":102,"column":2},"end":{"line":102,"column":null}},"41":{"start":{"line":102,"column":12},"end":{"line":102,"column":null}},"42":{"start":{"line":103,"column":2},"end":{"line":103,"column":null}}},"fnMap":{"0":{"name":"envParseString","decl":{"start":{"line":4,"column":16},"end":{"line":4,"column":31}},"loc":{"start":{"line":4,"column":75},"end":{"line":9,"column":null}},"line":4},"1":{"name":"envParseInteger","decl":{"start":{"line":11,"column":16},"end":{"line":11,"column":32}},"loc":{"start":{"line":11,"column":76},"end":{"line":20,"column":null}},"line":11},"2":{"name":"(anonymous_2)","decl":{"start":{"line":22,"column":13},"end":{"line":22,"column":29}},"loc":{"start":{"line":22,"column":45},"end":{"line":22,"column":null}},"line":22},"3":{"name":"getServiceRole","decl":{"start":{"line":26,"column":16},"end":{"line":26,"column":46}},"loc":{"start":{"line":26,"column":46},"end":{"line":36,"column":null}},"line":26},"4":{"name":"(anonymous_4)","decl":{"start":{"line":39,"column":13},"end":{"line":39,"column":34}},"loc":{"start":{"line":40,"column":2},"end":{"line":40,"column":null}},"line":40},"5":{"name":"(anonymous_5)","decl":{"start":{"line":43,"column":13},"end":{"line":43,"column":40}},"loc":{"start":{"line":44,"column":2},"end":{"line":44,"column":null}},"line":44},"6":{"name":"getConsumerId","decl":{"start":{"line":46,"column":16},"end":{"line":46,"column":40}},"loc":{"start":{"line":46,"column":40},"end":{"line":52,"column":null}},"line":46},"7":{"name":"(anonymous_7)","decl":{"start":{"line":54,"column":13},"end":{"line":54,"column":null}},"loc":{"start":{"line":55,"column":2},"end":{"line":55,"column":null}},"line":55},"8":{"name":"(anonymous_8)","decl":{"start":{"line":63,"column":13},"end":{"line":63,"column":null}},"loc":{"start":{"line":64,"column":2},"end":{"line":64,"column":null}},"line":64},"9":{"name":"(anonymous_9)","decl":{"start":{"line":71,"column":13},"end":{"line":71,"column":null}},"loc":{"start":{"line":72,"column":2},"end":{"line":72,"column":null}},"line":72},"10":{"name":"getDevModulePaths","decl":{"start":{"line":84,"column":16},"end":{"line":84,"column":46}},"loc":{"start":{"line":84,"column":46},"end":{"line":91,"column":null}},"line":84},"11":{"name":"(anonymous_11)","decl":{"start":{"line":89,"column":5},"end":{"line":89,"column":10}},"loc":{"start":{"line":89,"column":16},"end":{"line":89,"column":24}},"line":89},"12":{"name":"(anonymous_12)","decl":{"start":{"line":90,"column":5},"end":{"line":90,"column":13}},"loc":{"start":{"line":90,"column":19},"end":{"line":90,"column":31}},"line":90},"13":{"name":"(anonymous_13)","decl":{"start":{"line":100,"column":13},"end":{"line":100,"column":55}},"loc":{"start":{"line":100,"column":55},"end":{"line":104,"column":null}},"line":100}},"branchMap":{"0":{"loc":{"start":{"line":6,"column":2},"end":{"line":6,"column":null}},"type":"if","locations":[{"start":{"line":6,"column":2},"end":{"line":6,"column":null}},{"start":{},"end":{}}],"line":6},"1":{"loc":{"start":{"line":7,"column":2},"end":{"line":7,"column":null}},"type":"if","locations":[{"start":{"line":7,"column":2},"end":{"line":7,"column":null}},{"start":{},"end":{}}],"line":7},"2":{"loc":{"start":{"line":13,"column":2},"end":{"line":17,"column":null}},"type":"if","locations":[{"start":{"line":13,"column":2},"end":{"line":17,"column":null}},{"start":{},"end":{}}],"line":13},"3":{"loc":{"start":{"line":15,"column":4},"end":{"line":15,"column":null}},"type":"if","locations":[{"start":{"line":15,"column":4},"end":{"line":15,"column":null}},{"start":{},"end":{}}],"line":15},"4":{"loc":{"start":{"line":15,"column":8},"end":{"line":15,"column":42}},"type":"binary-expr","locations":[{"start":{"line":15,"column":8},"end":{"line":15,"column":21}},{"start":{"line":15,"column":21},"end":{"line":15,"column":42}}],"line":15},"5":{"loc":{"start":{"line":18,"column":2},"end":{"line":18,"column":null}},"type":"if","locations":[{"start":{"line":18,"column":2},"end":{"line":18,"column":null}},{"start":{},"end":{}}],"line":18},"6":{"loc":{"start":{"line":28,"column":2},"end":{"line":34,"column":null}},"type":"if","locations":[{"start":{"line":28,"column":2},"end":{"line":34,"column":null}},{"start":{},"end":{}}],"line":28},"7":{"loc":{"start":{"line":29,"column":4},"end":{"line":32,"column":null}},"type":"binary-expr","locations":[{"start":{"line":29,"column":4},"end":{"line":29,"column":null}},{"start":{"line":30,"column":4},"end":{"line":30,"column":null}},{"start":{"line":31,"column":4},"end":{"line":31,"column":null}},{"start":{"line":32,"column":4},"end":{"line":32,"column":null}}],"line":29},"8":{"loc":{"start":{"line":40,"column":2},"end":{"line":40,"column":null}},"type":"binary-expr","locations":[{"start":{"line":40,"column":2},"end":{"line":40,"column":23}},{"start":{"line":40,"column":23},"end":{"line":40,"column":null}}],"line":40},"9":{"loc":{"start":{"line":44,"column":2},"end":{"line":44,"column":null}},"type":"binary-expr","locations":[{"start":{"line":44,"column":2},"end":{"line":44,"column":20}},{"start":{"line":44,"column":20},"end":{"line":44,"column":null}}],"line":44},"10":{"loc":{"start":{"line":48,"column":4},"end":{"line":50,"column":null}},"type":"binary-expr","locations":[{"start":{"line":48,"column":4},"end":{"line":48,"column":null}},{"start":{"line":49,"column":4},"end":{"line":49,"column":null}},{"start":{"line":50,"column":4},"end":{"line":50,"column":null}}],"line":48},"11":{"loc":{"start":{"line":72,"column":2},"end":{"line":72,"column":null}},"type":"binary-expr","locations":[{"start":{"line":72,"column":2},"end":{"line":72,"column":41}},{"start":{"line":72,"column":41},"end":{"line":72,"column":null}}],"line":72},"12":{"loc":{"start":{"line":86,"column":2},"end":{"line":86,"column":null}},"type":"if","locations":[{"start":{"line":86,"column":2},"end":{"line":86,"column":null}},{"start":{},"end":{}}],"line":86},"13":{"loc":{"start":{"line":102,"column":2},"end":{"line":102,"column":null}},"type":"if","locations":[{"start":{"line":102,"column":2},"end":{"line":102,"column":null}},{"start":{},"end":{}}],"line":102}},"s":{"0":4,"1":4,"2":0,"3":4,"4":4,"5":0,"6":0,"7":0,"8":0,"9":0,"10":0,"11":0,"12":0,"13":0,"14":0,"15":4,"16":0,"17":0,"18":0,"19":0,"20":0,"21":4,"22":0,"23":4,"24":0,"25":0,"26":4,"27":0,"28":4,"29":0,"30":4,"31":0,"32":0,"33":0,"34":0,"35":0,"36":0,"37":0,"38":4,"39":0,"40":0,"41":0,"42":0},"f":{"0":4,"1":0,"2":0,"3":0,"4":0,"5":0,"6":0,"7":0,"8":0,"9":0,"10":0,"11":0,"12":0,"13":0},"b":{"0":[0,4],"1":[4,0],"2":[0,0],"3":[0,0],"4":[0,0],"5":[0,0],"6":[0,0],"7":[0,0,0,0],"8":[0,0],"9":[0,0],"10":[0,0,0],"11":[0,0],"12":[0,0],"13":[0,0]},"meta":{"lastBranch":14,"lastFunction":14,"lastStatement":43,"seen":{"f:4:16:4:31":0,"s:5:16:5:Infinity":0,"b:6:2:6:Infinity:undefined:undefined:undefined:undefined":0,"s:6:2:6:Infinity":1,"s:6:27:6:Infinity":2,"b:7:2:7:Infinity:undefined:undefined:undefined:undefined":1,"s:7:2:7:Infinity":3,"s:7:34:7:Infinity":4,"s:8:2:8:Infinity":5,"f:11:16:11:32":1,"s:12:14:12:Infinity":6,"b:13:2:17:Infinity:undefined:undefined:undefined:undefined":2,"s:13:2:17:Infinity":7,"s:14:14:14:Infinity":8,"b:15:4:15:Infinity:undefined:undefined:undefined:undefined":3,"s:15:4:15:Infinity":9,"b:15:8:15:21:15:21:15:42":4,"s:15:42:15:Infinity":10,"s:16:4:16:Infinity":11,"b:18:2:18:Infinity:undefined:undefined:undefined:undefined":5,"s:18:2:18:Infinity":12,"s:18:34:18:Infinity":13,"s:19:2:19:Infinity":14,"s:22:13:22:Infinity":15,"f:22:13:22:29":2,"s:22:45:22:Infinity":16,"f:26:16:26:46":3,"s:27:14:27:Infinity":17,"b:28:2:34:Infinity:undefined:undefined:undefined:undefined":6,"s:28:2:34:Infinity":18,"b:29:4:29:Infinity:30:4:30:Infinity:31:4:31:Infinity:32:4:32:Infinity":7,"s:34:4:34:Infinity":19,"s:35:2:35:Infinity":20,"s:39:13:40:Infinity":21,"f:39:13:39:34":4,"s:40:2:40:Infinity":22,"b:40:2:40:23:40:23:40:Infinity":8,"s:43:13:44:Infinity":23,"f:43:13:43:40":5,"s:44:2:44:Infinity":24,"b:44:2:44:20:44:20:44:Infinity":9,"f:46:16:46:40":6,"s:47:2:50:Infinity":25,"b:48:4:48:Infinity:49:4:49:Infinity:50:4:50:Infinity":10,"s:54:13:55:Infinity":26,"f:54:13:54:Infinity":7,"s:55:2:55:Infinity":27,"s:63:13:64:Infinity":28,"f:63:13:63:Infinity":8,"s:64:2:64:Infinity":29,"s:71:13:72:Infinity":30,"f:71:13:71:Infinity":9,"s:72:2:72:Infinity":31,"b:72:2:72:41:72:41:72:Infinity":11,"f:84:16:84:46":10,"s:85:14:85:Infinity":32,"b:86:2:86:Infinity:undefined:undefined:undefined:undefined":12,"s:86:2:86:Infinity":33,"s:86:12:86:Infinity":34,"s:87:2:90:Infinity":35,"f:89:5:89:10":11,"s:89:16:89:24":36,"f:90:5:90:13":12,"s:90:19:90:31":37,"s:100:13:104:Infinity":38,"f:100:13:100:55":13,"s:101:14:101:Infinity":39,"b:102:2:102:Infinity:undefined:undefined:undefined:undefined":13,"s:102:2:102:Infinity":40,"s:102:12:102:Infinity":41,"s:103:2:103:Infinity":42},"fnNames":{}}}
[...]
,"/home/rebiz/opt/lumi/packages/observability/src/readiness.ts": {"path":"/home/rebiz/opt/lumi/packages/observability/src/readiness.ts","statementMap":{"0":{"start":{"line":25,"column":15},"end":{"line":25,"column":null}},"1":{"start":{"line":27,"column":15},"end":{"line":27,"column":null}},"2":{"start":{"line":37,"column":2},"end":{"line":37,"column":null}},"3":{"start":{"line":41,"column":2},"end":{"line":41,"column":null}},"4":{"start":{"line":46,"column":2},"end":{"line":46,"column":null}},"5":{"start":{"line":55,"column":25},"end":{"line":55,"column":null}},"6":{"start":{"line":58,"column":2},"end":{"line":71,"column":null}},"7":{"start":{"line":59,"column":19},"end":{"line":67,"column":null}},"8":{"start":{"line":62,"column":8},"end":{"line":65,"column":null}},"9":{"start":{"line":63,"column":16},"end":{"line":63,"column":null}},"10":{"start":{"line":68,"column":4},"end":{"line":68,"column":null}},"11":{"start":{"line":70,"column":4},"end":{"line":70,"column":null}},"12":{"start":{"line":75,"column":18},"end":{"line":75,"column":null}},"13":{"start":{"line":76,"column":18},"end":{"line":78,"column":null}},"14":{"start":{"line":77,"column":29},"end":{"line":77,"column":63}},"15":{"start":{"line":79,"column":46},"end":{"line":79,"column":null}},"16":{"start":{"line":80,"column":14},"end":{"line":80,"column":null}},"17":{"start":{"line":81,"column":2},"end":{"line":84,"column":null}},"18":{"start":{"line":82,"column":4},"end":{"line":82,"column":null}},"19":{"start":{"line":83,"column":4},"end":{"line":83,"column":null}},"20":{"start":{"line":83,"column":34},"end":{"line":83,"column":null}},"21":{"start":{"line":85,"column":2},"end":{"line":85,"column":null}}},"fnMap":{"0":{"name":"markDraining","decl":{"start":{"line":36,"column":16},"end":{"line":36,"column":37}},"loc":{"start":{"line":36,"column":37},"end":{"line":38,"column":null}},"line":36},"1":{"name":"isDraining","decl":{"start":{"line":40,"column":16},"end":{"line":40,"column":38}},"loc":{"start":{"line":40,"column":38},"end":{"line":42,"column":null}},"line":40},"2":{"name":"registerReadinessProbe","decl":{"start":{"line":45,"column":16},"end":{"line":45,"column":39}},"loc":{"start":{"line":45,"column":72},"end":{"line":47,"column":null}},"line":45},"3":{"name":"runOne","decl":{"start":{"line":57,"column":15},"end":{"line":57,"column":22}},"loc":{"start":{"line":57,"column":58},"end":{"line":72,"column":null}},"line":57},"4":{"name":"(anonymous_4)","decl":{"start":{"line":61,"column":10},"end":{"line":61,"column":32}},"loc":{"start":{"line":62,"column":8},"end":{"line":65,"column":null}},"line":62},"5":{"name":"(anonymous_5)","decl":{"start":{"line":62,"column":8},"end":{"line":62,"column":null}},"loc":{"start":{"line":63,"column":16},"end":{"line":63,"column":null}},"line":63},"6":{"name":"runReadinessProbes","decl":{"start":{"line":74,"column":22},"end":{"line":74,"column":69}},"loc":{"start":{"line":74,"column":69},"end":{"line":86,"column":null}},"line":74},"7":{"name":"(anonymous_7)","decl":{"start":{"line":77,"column":16},"end":{"line":77,"column":23}},"loc":{"start":{"line":77,"column":29},"end":{"line":77,"column":63}},"line":77}},"branchMap":{"0":{"loc":{"start":{"line":83,"column":4},"end":{"line":83,"column":null}},"type":"if","locations":[{"start":{"line":83,"column":4},"end":{"line":83,"column":null}},{"start":{},"end":{}}],"line":83}},"s":{"0":5,"1":5,"2":0,"3":0,"4":0,"5":5,"6":0,"7":0,"8":0,"9":0,"10":0,"11":0,"12":0,"13":0,"14":0,"15":0,"16":0,"17":0,"18":0,"19":0,"20":0,"21":0},"f":{"0":0,"1":0,"2":0,"3":0,"4":0,"5":0,"6":0,"7":0},"b":{"0":[0,0]},"meta":{"lastBranch":1,"lastFunction":8,"lastStatement":22,"seen":{"s:25:15:25:Infinity":0,"s:27:15:27:Infinity":1,"f:36:16:36:37":0,"s:37:2:37:Infinity":2,"f:40:16:40:38":1,"s:41:2:41:Infinity":3,"f:45:16:45:39":2,"s:46:2:46:Infinity":4,"s:55:25:55:Infinity":5,"f:57:15:57:22":3,"s:58:2:71:Infinity":6,"s:59:19:67:Infinity":7,"f:61:10:61:32":4,"s:62:8:65:Infinity":8,"f:62:8:62:Infinity":5,"s:63:16:63:Infinity":9,"s:68:4:68:Infinity":10,"s:70:4:70:Infinity":11,"f:74:22:74:69":6,"s:75:18:75:Infinity":12,"s:76:18:78:Infinity":13,"f:77:16:77:23":7,"s:77:29:77:63":14,"s:79:46:79:Infinity":15,"s:80:14:80:Infinity":16,"s:81:2:84:Infinity":17,"s:82:4:82:Infinity":18,"b:83:4:83:Infinity:undefined:undefined:undefined:undefined":0,"s:83:4:83:Infinity":19,"s:83:34:83:Infinity":20,"s:85:2:85:Infinity":21},"fnNames":{}}}
,"/home/rebiz/opt/lumi/packages/observability/src/shutdown.ts": {"path":"/home/rebiz/opt/lumi/packages/observability/src/shutdown.ts","statementMap":{"0":{"start":{"line":30,"column":2},"end":{"line":45,"column":null}},"1":{"start":{"line":31,"column":14},"end":{"line":34,"column":null}},"2":{"start":{"line":32,"column":12},"end":{"line":32,"column":null}},"3":{"start":{"line":35,"column":4},"end":{"line":44,"column":null}},"4":{"start":{"line":37,"column":8},"end":{"line":37,"column":null}},"5":{"start":{"line":38,"column":8},"end":{"line":38,"column":null}},"6":{"start":{"line":41,"column":8},"end":{"line":41,"column":null}},"7":{"start":{"line":42,"column":8},"end":{"line":42,"column":null}},"8":{"start":{"line":61,"column":6},"end":{"line":61,"column":null}},"9":{"start":{"line":63,"column":2},"end":{"line":63,"column":null}},"10":{"start":{"line":64,"column":2},"end":{"line":67,"column":null}},"11":{"start":{"line":69,"column":18},"end":{"line":69,"column":null}},"12":{"start":{"line":70,"column":8},"end":{"line":70,"column":null}},"13":{"start":{"line":70,"column":26},"end":{"line":70,"column":null}},"14":{"start":{"line":72,"column":2},"end":{"line":76,"column":null}},"15":{"start":{"line":73,"column":4},"end":{"line":75,"column":null}},"16":{"start":{"line":74,"column":6},"end":{"line":74,"column":null}},"17":{"start":{"line":80,"column":24},"end":{"line":83,"column":null}},"18":{"start":{"line":81,"column":4},"end":{"line":81,"column":null}},"19":{"start":{"line":82,"column":4},"end":{"line":82,"column":null}},"20":{"start":{"line":84,"column":2},"end":{"line":84,"column":null}},"21":{"start":{"line":86,"column":2},"end":{"line":107,"column":null}},"22":{"start":{"line":87,"column":19},"end":{"line":87,"column":null}},"23":{"start":{"line":88,"column":4},"end":{"line":93,"column":null}},"24":{"start":{"line":89,"column":6},"end":{"line":91,"column":null}},"25":{"start":{"line":92,"column":6},"end":{"line":92,"column":null}},"26":{"start":{"line":94,"column":4},"end":{"line":106,"column":null}},"27":{"start":{"line":95,"column":6},"end":{"line":99,"column":null}},"28":{"start":{"line":100,"column":6},"end":{"line":100,"column":null}},"29":{"start":{"line":102,"column":6},"end":{"line":105,"column":null}},"30":{"start":{"line":109,"column":2},"end":{"line":109,"column":null}},"31":{"start":{"line":110,"column":2},"end":{"line":110,"column":null}}},"fnMap":{"0":{"name":"withTimeout","decl":{"start":{"line":29,"column":9},"end":{"line":29,"column":24}},"loc":{"start":{"line":29,"column":78},"end":{"line":46,"column":null}},"line":29},"1":{"name":"(anonymous_1)","decl":{"start":{"line":30,"column":13},"end":{"line":30,"column":25}},"loc":{"start":{"line":30,"column":45},"end":{"line":45,"column":3}},"line":30},"2":{"name":"(anonymous_2)","decl":{"start":{"line":31,"column":14},"end":{"line":31,"column":null}},"loc":{"start":{"line":32,"column":12},"end":{"line":32,"column":null}},"line":32},"3":{"name":"(anonymous_3)","decl":{"start":{"line":35,"column":6},"end":{"line":35,"column":null}},"loc":{"start":{"line":36,"column":13},"end":{"line":39,"column":null}},"line":36},"4":{"name":"(anonymous_4)","decl":{"start":{"line":39,"column":6},"end":{"line":39,"column":null}},"loc":{"start":{"line":40,"column":13},"end":{"line":43,"column":null}},"line":40},"5":{"name":"runDrainSequence","decl":{"start":{"line":52,"column":22},"end":{"line":52,"column":null}},"loc":{"start":{"line":55,"column":17},"end":{"line":111,"column":null}},"line":55},"6":{"name":"(anonymous_6)","decl":{"start":{"line":70,"column":8},"end":{"line":70,"column":26}},"loc":{"start":{"line":70,"column":26},"end":{"line":70,"column":null}},"line":70},"7":{"name":"(anonymous_7)","decl":{"start":{"line":73,"column":14},"end":{"line":73,"column":23}},"loc":{"start":{"line":74,"column":6},"end":{"line":74,"column":null}},"line":74},"8":{"name":"(anonymous_8)","decl":{"start":{"line":80,"column":24},"end":{"line":80,"column":41}},"loc":{"start":{"line":80,"column":41},"end":{"line":83,"column":5}},"line":80}},"branchMap":{"0":{"loc":{"start":{"line":58,"column":4},"end":{"line":58,"column":null}},"type":"default-arg","locations":[{"start":{"line":58,"column":22},"end":{"line":58,"column":null}}],"line":58},"1":{"loc":{"start":{"line":59,"column":4},"end":{"line":59,"column":null}},"type":"default-arg","locations":[{"start":{"line":59,"column":17},"end":{"line":59,"column":null}}],"line":59},"2":{"loc":{"start":{"line":60,"column":4},"end":{"line":60,"column":null}},"type":"default-arg","locations":[{"start":{"line":60,"column":20},"end":{"line":60,"column":null}}],"line":60},"3":{"loc":{"start":{"line":72,"column":2},"end":{"line":76,"column":null}},"type":"if","locations":[{"start":{"line":72,"column":2},"end":{"line":76,"column":null}},{"start":{},"end":{}}],"line":72},"4":{"loc":{"start":{"line":87,"column":28},"end":{"line":87,"column":61}},"type":"binary-expr","locations":[{"start":{"line":87,"column":28},"end":{"line":87,"column":46}},{"start":{"line":87,"column":46},"end":{"line":87,"column":61}}],"line":87},"5":{"loc":{"start":{"line":88,"column":4},"end":{"line":93,"column":null}},"type":"if","locations":[{"start":{"line":88,"column":4},"end":{"line":93,"column":null}},{"start":{},"end":{}}],"line":88}},"s":{"0":0,"1":0,"2":0,"3":0,"4":0,"5":0,"6":0,"7":0,"8":0,"9":0,"10":0,"11":0,"12":0,"13":0,"14":0,"15":0,"16":0,"17":0,"18":0,"19":0,"20":0,"21":0,"22":0,"23":0,"24":0,"25":0,"26":0,"27":0,"28":0,"29":0,"30":0,"31":0},"f":{"0":0,"1":0,"2":0,"3":0,"4":0,"5":0,"6":0,"7":0,"8":0},"b":{"0":[0],"1":[0],"2":[0],"3":[0,0],"4":[0,0],"5":[0,0]},"meta":{"lastBranch":6,"lastFunction":9,"lastStatement":32,"seen":{"f:29:9:29:24":0,"s:30:2:45:Infinity":0,"f:30:13:30:25":1,"s:31:14:34:Infinity":1,"f:31:14:31:Infinity":2,"s:32:12:32:Infinity":2,"s:35:4:44:Infinity":3,"f:35:6:35:Infinity":3,"s:37:8:37:Infinity":4,"s:38:8:38:Infinity":5,"f:39:6:39:Infinity":4,"s:41:8:41:Infinity":6,"s:42:8:42:Infinity":7,"f:52:22:52:Infinity":5,"s:61:6:61:Infinity":8,"b:58:22:58:Infinity":0,"b:59:17:59:Infinity":1,"b:60:20:60:Infinity":2,"s:63:2:63:Infinity":9,"s:64:2:67:Infinity":10,"s:69:18:69:Infinity":11,"s:70:8:70:Infinity":12,"f:70:8:70:26":6,"s:70:26:70:Infinity":13,"b:72:2:76:Infinity:undefined:undefined:undefined:undefined":3,"s:72:2:76:Infinity":14,"s:73:4:75:Infinity":15,"f:73:14:73:23":7,"s:74:6:74:Infinity":16,"s:80:24:83:Infinity":17,"f:80:24:80:41":8,"s:81:4:81:Infinity":18,"s:82:4:82:Infinity":19,"s:84:2:84:Infinity":20,"s:86:2:107:Infinity":21,"s:87:19:87:Infinity":22,"b:87:28:87:46:87:46:87:61":4,"b:88:4:93:Infinity:undefined:undefined:undefined:undefined":5,"s:88:4:93:Infinity":23,"s:89:6:91:Infinity":24,"s:92:6:92:Infinity":25,"s:94:4:106:Infinity":26,"s:95:6:99:Infinity":27,"s:100:6:100:Infinity":28,"s:102:6:105:Infinity":29,"s:109:2:109:Infinity":30,"s:110:2:110:Infinity":31},"fnNames":{}}}
,"/home/rebiz/opt/lumi/packages/observability/src/tracing.ts": {"path":"/home/rebiz/opt/lumi/packages/observability/src/tracing.ts","statementMap":{"0":{"start":{"line":32,"column":20},"end":{"line":32,"column":null}},"1":{"start":{"line":33,"column":42},"end":{"line":33,"column":null}},"2":{"start":{"line":46,"column":2},"end":{"line":46,"column":null}},"3":{"start":{"line":46,"column":46},"end":{"line":46,"column":null}},"4":{"start":{"line":47,"column":2},"end":{"line":47,"column":null}},"5":{"start":{"line":47,"column":16},"end":{"line":47,"column":null}},"6":{"start":{"line":49,"column":2},"end":{"line":51,"column":null}},"7":{"start":{"line":50,"column":4},"end":{"line":50,"column":null}},"8":{"start":{"line":53,"column":16},"end":{"line":53,"column":null}},"9":{"start":{"line":54,"column":19},"end":{"line":57,"column":null}},"10":{"start":{"line":59,"column":19},"end":{"line":61,"column":null}},"11":{"start":{"line":63,"column":2},"end":{"line":69,"column":null}},"12":{"start":{"line":71,"column":2},"end":{"line":74,"column":null}},"13":{"start":{"line":78,"column":2},"end":{"line":96,"column":null}},"14":{"start":{"line":79,"column":4},"end":{"line":93,"column":null}},"15":{"start":{"line":85,"column":6},"end":{"line":92,"column":null}},"16":{"start":{"line":98,"column":2},"end":{"line":98,"column":null}},"17":{"start":{"line":102,"column":2},"end":{"line":102,"column":null}},"18":{"start":{"line":102,"column":41},"end":{"line":102,"column":50}},"19":{"start":{"line":103,"column":2},"end":{"line":103,"column":null}},"20":{"start":{"line":107,"column":2},"end":{"line":107,"column":null}},"21":{"start":{"line":116,"column":2},"end":{"line":131,"column":null}},"22":{"start":{"line":117,"column":4},"end":{"line":130,"column":null}},"23":{"start":{"line":118,"column":21},"end":{"line":118,"column":null}},"24":{"start":{"line":119,"column":6},"end":{"line":119,"column":null}},"25":{"start":{"line":120,"column":6},"end":{"line":120,"column":null}},"26":{"start":{"line":122,"column":6},"end":{"line":122,"column":null}},"27":{"start":{"line":123,"column":6},"end":{"line":126,"column":null}},"28":{"start":{"line":127,"column":6},"end":{"line":127,"column":null}},"29":{"start":{"line":129,"column":6},"end":{"line":129,"column":null}}},"fnMap":{"0":{"name":"startTracing","decl":{"start":{"line":45,"column":16},"end":{"line":45,"column":29}},"loc":{"start":{"line":45,"column":60},"end":{"line":99,"column":null}},"line":45},"1":{"name":"(anonymous_1)","decl":{"start":{"line":84,"column":7},"end":{"line":84,"column":13}},"loc":{"start":{"line":84,"column":46},"end":{"line":93,"column":5}},"line":84},"2":{"name":"shutdownTracing","decl":{"start":{"line":101,"column":22},"end":{"line":101,"column":55}},"loc":{"start":{"line":101,"column":55},"end":{"line":104,"column":null}},"line":101},"3":{"name":"(anonymous_3)","decl":{"start":{"line":102,"column":29},"end":{"line":102,"column":41}},"loc":{"start":{"line":102,"column":41},"end":{"line":102,"column":50}},"line":102},"4":{"name":"getTracer","decl":{"start":{"line":106,"column":16},"end":{"line":106,"column":28}},"loc":{"start":{"line":106,"column":28},"end":{"line":108,"column":null}},"line":106},"5":{"name":"withSpan","decl":{"start":{"line":111,"column":22},"end":{"line":111,"column":null}},"loc":{"start":{"line":115,"column":14},"end":{"line":132,"column":null}},"line":115},"6":{"name":"(anonymous_6)","decl":{"start":{"line":116,"column":58},"end":{"line":116,"column":65}},"loc":{"start":{"line":116,"column":74},"end":{"line":131,"column":3}},"line":116}},"branchMap":{"0":{"loc":{"start":{"line":46,"column":2},"end":{"line":46,"column":null}},"type":"if","locations":[{"start":{"line":46,"column":2},"end":{"line":46,"column":null}},{"start":{},"end":{}}],"line":46},"1":{"loc":{"start":{"line":47,"column":2},"end":{"line":47,"column":null}},"type":"if","locations":[{"start":{"line":47,"column":2},"end":{"line":47,"column":null}},{"start":{},"end":{}}],"line":47},"2":{"loc":{"start":{"line":49,"column":2},"end":{"line":51,"column":null}},"type":"if","locations":[{"start":{"line":49,"column":2},"end":{"line":51,"column":null}},{"start":{},"end":{}}],"line":49},"3":{"loc":{"start":{"line":53,"column":16},"end":{"line":53,"column":null}},"type":"binary-expr","locations":[{"start":{"line":53,"column":16},"end":{"line":53,"column":36}},{"start":{"line":53,"column":36},"end":{"line":53,"column":null}}],"line":53},"4":{"loc":{"start":{"line":56,"column":8},"end":{"line":56,"column":null}},"type":"cond-expr","locations":[{"start":{"line":56,"column":23},"end":{"line":56,"column":66}},{"start":{"line":56,"column":66},"end":{"line":56,"column":null}}],"line":56},"5":{"loc":{"start":{"line":60,"column":9},"end":{"line":60,"column":null}},"type":"cond-expr","locations":[{"start":{"line":60,"column":25},"end":{"line":60,"column":56}},{"start":{"line":60,"column":56},"end":{"line":60,"column":null}}],"line":60},"6":{"loc":{"start":{"line":116,"column":43},"end":{"line":116,"column":58}},"type":"binary-expr","locations":[{"start":{"line":116,"column":43},"end":{"line":116,"column":54}},{"start":{"line":116,"column":54},"end":{"line":116,"column":58}}],"line":116},"7":{"loc":{"start":{"line":125,"column":17},"end":{"line":125,"column":null}},"type":"cond-expr","locations":[{"start":{"line":125,"column":40},"end":{"line":125,"column":54}},{"start":{"line":125,"column":54},"end":{"line":125,"column":null}}],"line":125}},"s":{"0":5,"1":5,"2":0,"3":0,"4":0,"5":0,"6":0,"7":0,"8":0,"9":0,"10":0,"11":0,"12":0,"13":0,"14":0,"15":0,"16":0,"17":0,"18":0,"19":0,"20":0,"21":0,"22":0,"23":0,"24":0,"25":0,"26":0,"27":0,"28":0,"29":0},"f":{"0":0,"1":0,"2":0,"3":0,"4":0,"5":0,"6":0},"b":{"0":[0,0],"1":[0,0],"2":[0,0],"3":[0,0],"4":[0,0],"5":[0,0],"6":[0,0],"7":[0,0]},"meta":{"lastBranch":8,"lastFunction":7,"lastStatement":30,"seen":{"s:32:20:32:Infinity":0,"s:33:42:33:Infinity":1,"f:45:16:45:29":0,"b:46:2:46:Infinity:undefined:undefined:undefined:undefined":0,"s:46:2:46:Infinity":2,"s:46:46:46:Infinity":3,"b:47:2:47:Infinity:undefined:undefined:undefined:undefined":1,"s:47:2:47:Infinity":4,"s:47:16:47:Infinity":5,"b:49:2:51:Infinity:undefined:undefined:undefined:undefined":2,"s:49:2:51:Infinity":6,"s:50:4:50:Infinity":7,"s:53:16:53:Infinity":8,"b:53:16:53:36:53:36:53:Infinity":3,"s:54:19:57:Infinity":9,"b:56:23:56:66:56:66:56:Infinity":4,"s:59:19:61:Infinity":10,"b:60:25:60:56:60:56:60:Infinity":5,"s:63:2:69:Infinity":11,"s:71:2:74:Infinity":12,"s:78:2:96:Infinity":13,"s:79:4:93:Infinity":14,"f:84:7:84:13":1,"s:85:6:92:Infinity":15,"s:98:2:98:Infinity":16,"f:101:22:101:55":2,"s:102:2:102:Infinity":17,"f:102:29:102:41":3,"s:102:41:102:50":18,"s:103:2:103:Infinity":19,"f:106:16:106:28":4,"s:107:2:107:Infinity":20,"f:111:22:111:Infinity":5,"s:116:2:131:Infinity":21,"b:116:43:116:54:116:54:116:58":6,"f:116:58:116:65":6,"s:117:4:130:Infinity":22,"s:118:21:118:Infinity":23,"s:119:6:119:Infinity":24,"s:120:6:120:Infinity":25,"s:122:6:122:Infinity":26,"s:123:6:126:Infinity":27,"b:125:40:125:54:125:54:125:Infinity":7,"s:127:6:127:Infinity":28,"s:129:6:129:Infinity":29},"fnNames":{}}}
}
